nohup: ignoring input
Namespace(dataset='diginetica', emb_size=100, batch_size=100, l2=1e-05, lr=0.001, lr_dc=0.1, lr_dc_step=10, n_heads=3, n_intentions=3, temp=0.1, evaluate_k=[10, 20], epsilon=0.85, epoch=30, patience=10)
--------------------------------------
epoch 0
lr: 0.001
start training... 2022-04-27 13:36:24.188825
	 train_loss : 37714.906
this_epoch----
recall@10:0.3107	 mrr@10:0.1319
recall@20:0.4369	 mrr@20:0.1406
best_result----
recall@10:0.3107	 mrr@10:0.1319	 epoch:0,0
recall@20:0.4369	 mrr@20:0.1406	 epoch:0,0
--------------------------------------
epoch 1
lr: 0.001
start training... 2022-04-27 13:40:19.954703
	 train_loss : 28045.162
this_epoch----
recall@10:0.3258	 mrr@10:0.1348
recall@20:0.4541	 mrr@20:0.1436
best_result----
recall@10:0.3258	 mrr@10:0.1348	 epoch:1,1
recall@20:0.4541	 mrr@20:0.1436	 epoch:1,1
--------------------------------------
epoch 2
lr: 0.001
start training... 2022-04-27 13:44:14.955363
	 train_loss : 26857.846
this_epoch----
recall@10:0.3316	 mrr@10:0.1379
recall@20:0.4595	 mrr@20:0.1468
best_result----
recall@10:0.3316	 mrr@10:0.1379	 epoch:2,2
recall@20:0.4595	 mrr@20:0.1468	 epoch:2,2
--------------------------------------
epoch 3
lr: 0.001
start training... 2022-04-27 13:48:09.611606
	 train_loss : 26325.568
this_epoch----
recall@10:0.3327	 mrr@10:0.1393
recall@20:0.4619	 mrr@20:0.1483
best_result----
recall@10:0.3327	 mrr@10:0.1393	 epoch:3,3
recall@20:0.4619	 mrr@20:0.1483	 epoch:3,3
--------------------------------------
epoch 4
lr: 0.001
start training... 2022-04-27 13:52:03.889828
	 train_loss : 26012.793
this_epoch----
recall@10:0.3337	 mrr@10:0.1410
recall@20:0.4655	 mrr@20:0.1501
best_result----
recall@10:0.3337	 mrr@10:0.1410	 epoch:4,4
recall@20:0.4655	 mrr@20:0.1501	 epoch:4,4
--------------------------------------
epoch 5
lr: 0.001
start training... 2022-04-27 13:55:59.920854
	 train_loss : 25816.105
this_epoch----
recall@10:0.3353	 mrr@10:0.1413
recall@20:0.4660	 mrr@20:0.1503
best_result----
recall@10:0.3353	 mrr@10:0.1413	 epoch:5,5
recall@20:0.4660	 mrr@20:0.1503	 epoch:5,5
--------------------------------------
epoch 6
lr: 0.001
start training... 2022-04-27 13:59:53.560779
	 train_loss : 25672.088
this_epoch----
recall@10:0.3376	 mrr@10:0.1434
recall@20:0.4670	 mrr@20:0.1524
best_result----
recall@10:0.3376	 mrr@10:0.1434	 epoch:6,6
recall@20:0.4670	 mrr@20:0.1524	 epoch:6,6
--------------------------------------
epoch 7
lr: 0.001
start training... 2022-04-27 14:03:48.389484
	 train_loss : 25583.250
this_epoch----
recall@10:0.3405	 mrr@10:0.1428
recall@20:0.4693	 mrr@20:0.1517
best_result----
recall@10:0.3405	 mrr@10:0.1434	 epoch:7,6
recall@20:0.4693	 mrr@20:0.1524	 epoch:7,6
--------------------------------------
epoch 8
lr: 0.001
start training... 2022-04-27 14:07:48.937844
	 train_loss : 25506.516
this_epoch----
recall@10:0.3378	 mrr@10:0.1433
recall@20:0.4675	 mrr@20:0.1523
best_result----
recall@10:0.3405	 mrr@10:0.1434	 epoch:7,6
recall@20:0.4693	 mrr@20:0.1524	 epoch:7,6
--------------------------------------
epoch 9
lr: 0.001
start training... 2022-04-27 14:11:41.924652
	 train_loss : 25456.955
this_epoch----
recall@10:0.3400	 mrr@10:0.1441
recall@20:0.4700	 mrr@20:0.1531
best_result----
recall@10:0.3405	 mrr@10:0.1441	 epoch:7,9
recall@20:0.4700	 mrr@20:0.1531	 epoch:9,9
--------------------------------------
epoch 10
lr: 0.0001
start training... 2022-04-27 14:15:38.090238
	 train_loss : 22811.178
this_epoch----
recall@10:0.3602	 mrr@10:0.1549
recall@20:0.4895	 mrr@20:0.1638
best_result----
recall@10:0.3602	 mrr@10:0.1549	 epoch:10,10
recall@20:0.4895	 mrr@20:0.1638	 epoch:10,10
--------------------------------------
epoch 11
lr: 0.0001
start training... 2022-04-27 14:19:32.773740
	 train_loss : 22298.023
this_epoch----
recall@10:0.3632	 mrr@10:0.1563
recall@20:0.4920	 mrr@20:0.1652
best_result----
recall@10:0.3632	 mrr@10:0.1563	 epoch:11,11
recall@20:0.4920	 mrr@20:0.1652	 epoch:11,11
--------------------------------------
epoch 12
lr: 0.0001
start training... 2022-04-27 14:23:27.317915
	 train_loss : 22140.383
this_epoch----
recall@10:0.3626	 mrr@10:0.1561
recall@20:0.4915	 mrr@20:0.1651
best_result----
recall@10:0.3632	 mrr@10:0.1563	 epoch:11,11
recall@20:0.4920	 mrr@20:0.1652	 epoch:11,11
--------------------------------------
epoch 13
lr: 0.0001
start training... 2022-04-27 14:27:25.741931
	 train_loss : 22061.260
this_epoch----
recall@10:0.3627	 mrr@10:0.1562
recall@20:0.4918	 mrr@20:0.1652
best_result----
recall@10:0.3632	 mrr@10:0.1563	 epoch:11,11
recall@20:0.4920	 mrr@20:0.1652	 epoch:11,11
--------------------------------------
epoch 14
lr: 0.0001
start training... 2022-04-27 14:31:21.892090
	 train_loss : 22010.426
this_epoch----
recall@10:0.3635	 mrr@10:0.1568
recall@20:0.4932	 mrr@20:0.1658
best_result----
recall@10:0.3635	 mrr@10:0.1568	 epoch:14,14
recall@20:0.4932	 mrr@20:0.1658	 epoch:14,14
--------------------------------------
epoch 15
lr: 0.0001
start training... 2022-04-27 14:35:18.389655
	 train_loss : 21979.246
this_epoch----
recall@10:0.3646	 mrr@10:0.1567
recall@20:0.4941	 mrr@20:0.1657
best_result----
recall@10:0.3646	 mrr@10:0.1568	 epoch:15,14
recall@20:0.4941	 mrr@20:0.1658	 epoch:15,14
--------------------------------------
epoch 16
lr: 0.0001
start training... 2022-04-27 14:39:13.484706
	 train_loss : 21958.047
this_epoch----
recall@10:0.3630	 mrr@10:0.1568
recall@20:0.4935	 mrr@20:0.1659
best_result----
recall@10:0.3646	 mrr@10:0.1568	 epoch:15,14
recall@20:0.4941	 mrr@20:0.1659	 epoch:15,16
--------------------------------------
epoch 17
lr: 0.0001
start training... 2022-04-27 14:43:10.729630
	 train_loss : 21945.043
this_epoch----
recall@10:0.3631	 mrr@10:0.1573
recall@20:0.4934	 mrr@20:0.1663
best_result----
recall@10:0.3646	 mrr@10:0.1573	 epoch:15,17
recall@20:0.4941	 mrr@20:0.1663	 epoch:15,17
--------------------------------------
epoch 18
lr: 0.0001
start training... 2022-04-27 14:47:06.982932
	 train_loss : 21935.604
this_epoch----
recall@10:0.3635	 mrr@10:0.1568
recall@20:0.4935	 mrr@20:0.1658
best_result----
recall@10:0.3646	 mrr@10:0.1573	 epoch:15,17
recall@20:0.4941	 mrr@20:0.1663	 epoch:15,17
--------------------------------------
epoch 19
lr: 0.0001
start training... 2022-04-27 14:51:03.742568
	 train_loss : 21929.637
this_epoch----
recall@10:0.3631	 mrr@10:0.1568
recall@20:0.4934	 mrr@20:0.1658
best_result----
recall@10:0.3646	 mrr@10:0.1573	 epoch:15,17
recall@20:0.4941	 mrr@20:0.1663	 epoch:15,17
--------------------------------------
epoch 20
lr: 1e-05
start training... 2022-04-27 14:54:59.947957
	 train_loss : 21396.455
this_epoch----
recall@10:0.3634	 mrr@10:0.1571
recall@20:0.4941	 mrr@20:0.1662
best_result----
recall@10:0.3646	 mrr@10:0.1573	 epoch:15,17
recall@20:0.4941	 mrr@20:0.1663	 epoch:15,17
--------------------------------------
epoch 21
lr: 1e-05
start training... 2022-04-27 14:58:52.096791
	 train_loss : 21377.520
this_epoch----
recall@10:0.3636	 mrr@10:0.1573
recall@20:0.4944	 mrr@20:0.1664
best_result----
recall@10:0.3646	 mrr@10:0.1573	 epoch:15,21
recall@20:0.4944	 mrr@20:0.1664	 epoch:21,21
--------------------------------------
epoch 22
lr: 1e-05
start training... 2022-04-27 15:02:47.792521
	 train_loss : 21367.590
this_epoch----
recall@10:0.3637	 mrr@10:0.1575
recall@20:0.4945	 mrr@20:0.1666
best_result----
recall@10:0.3646	 mrr@10:0.1575	 epoch:15,22
recall@20:0.4945	 mrr@20:0.1666	 epoch:22,22
--------------------------------------
epoch 23
lr: 1e-05
start training... 2022-04-27 15:06:43.946299
	 train_loss : 21360.500
this_epoch----
recall@10:0.3643	 mrr@10:0.1577
recall@20:0.4946	 mrr@20:0.1667
best_result----
recall@10:0.3646	 mrr@10:0.1577	 epoch:15,23
recall@20:0.4946	 mrr@20:0.1667	 epoch:23,23
--------------------------------------
epoch 24
lr: 1e-05
start training... 2022-04-27 15:10:39.815188
	 train_loss : 21355.648
this_epoch----
recall@10:0.3640	 mrr@10:0.1578
recall@20:0.4944	 mrr@20:0.1669
best_result----
recall@10:0.3646	 mrr@10:0.1578	 epoch:15,24
recall@20:0.4946	 mrr@20:0.1669	 epoch:23,24
--------------------------------------
epoch 25
lr: 1e-05
start training... 2022-04-27 15:14:34.668642
	 train_loss : 21351.936
this_epoch----
recall@10:0.3641	 mrr@10:0.1577
recall@20:0.4944	 mrr@20:0.1667
best_result----
recall@10:0.3646	 mrr@10:0.1578	 epoch:15,24
recall@20:0.4946	 mrr@20:0.1669	 epoch:23,24
--------------------------------------
epoch 26
lr: 1e-05
start training... 2022-04-27 15:18:28.301502
	 train_loss : 21348.896
this_epoch----
recall@10:0.3641	 mrr@10:0.1577
recall@20:0.4944	 mrr@20:0.1668
best_result----
recall@10:0.3646	 mrr@10:0.1578	 epoch:15,24
recall@20:0.4946	 mrr@20:0.1669	 epoch:23,24
--------------------------------------
epoch 27
lr: 1e-05
start training... 2022-04-27 15:22:23.002636
	 train_loss : 21346.020
this_epoch----
recall@10:0.3640	 mrr@10:0.1578
recall@20:0.4944	 mrr@20:0.1668
best_result----
recall@10:0.3646	 mrr@10:0.1578	 epoch:15,24
recall@20:0.4946	 mrr@20:0.1669	 epoch:23,24
--------------------------------------
epoch 28
lr: 1e-05
start training... 2022-04-27 15:26:17.458665
	 train_loss : 21343.576
this_epoch----
recall@10:0.3638	 mrr@10:0.1578
recall@20:0.4946	 mrr@20:0.1669
best_result----
recall@10:0.3646	 mrr@10:0.1578	 epoch:15,24
recall@20:0.4946	 mrr@20:0.1669	 epoch:23,28
--------------------------------------
epoch 29
lr: 1e-05
start training... 2022-04-27 15:30:12.751134
	 train_loss : 21341.414
this_epoch----
recall@10:0.3641	 mrr@10:0.1578
recall@20:0.4946	 mrr@20:0.1669
best_result----
recall@10:0.3646	 mrr@10:0.1578	 epoch:15,29
recall@20:0.4946	 mrr@20:0.1669	 epoch:29,29
Done
