nohup: ignoring input
Namespace(dataset='diginetica', emb_size=100, batch_size=100, l2=1e-05, lr=0.001, lr_dc=0.1, lr_dc_step=10, n_heads=3, n_intentions=3, temp=0.1, evaluate_k=[10, 20], epsilon=0.85, epoch=30, patience=10)
--------------------------------------
epoch 0
lr: 0.001
start training... 2022-04-27 20:58:34.505737
	 train_loss : 38000.523
this_epoch----
recall@10:0.3088	 mrr@10:0.1286
recall@20:0.4344	 mrr@20:0.1372
best_result----
recall@10:0.3088	 mrr@10:0.1286	 epoch:0,0
recall@20:0.4344	 mrr@20:0.1372	 epoch:0,0
--------------------------------------
epoch 1
lr: 0.001
start training... 2022-04-27 21:02:30.903734
	 train_loss : 28413.936
this_epoch----
recall@10:0.3263	 mrr@10:0.1370
recall@20:0.4551	 mrr@20:0.1459
best_result----
recall@10:0.3263	 mrr@10:0.1370	 epoch:1,1
recall@20:0.4551	 mrr@20:0.1459	 epoch:1,1
--------------------------------------
epoch 2
lr: 0.001
start training... 2022-04-27 21:06:33.523686
	 train_loss : 26883.455
this_epoch----
recall@10:0.3302	 mrr@10:0.1386
recall@20:0.4595	 mrr@20:0.1475
best_result----
recall@10:0.3302	 mrr@10:0.1386	 epoch:2,2
recall@20:0.4595	 mrr@20:0.1475	 epoch:2,2
--------------------------------------
epoch 3
lr: 0.001
start training... 2022-04-27 21:10:33.101169
	 train_loss : 26322.410
this_epoch----
recall@10:0.3320	 mrr@10:0.1393
recall@20:0.4603	 mrr@20:0.1481
best_result----
recall@10:0.3320	 mrr@10:0.1393	 epoch:3,3
recall@20:0.4603	 mrr@20:0.1481	 epoch:3,3
--------------------------------------
epoch 4
lr: 0.001
start training... 2022-04-27 21:14:37.635577
	 train_loss : 26007.039
this_epoch----
recall@10:0.3378	 mrr@10:0.1420
recall@20:0.4658	 mrr@20:0.1507
best_result----
recall@10:0.3378	 mrr@10:0.1420	 epoch:4,4
recall@20:0.4658	 mrr@20:0.1507	 epoch:4,4
--------------------------------------
epoch 5
lr: 0.001
start training... 2022-04-27 21:18:38.289891
	 train_loss : 25803.836
this_epoch----
recall@10:0.3356	 mrr@10:0.1417
recall@20:0.4653	 mrr@20:0.1506
best_result----
recall@10:0.3378	 mrr@10:0.1420	 epoch:4,4
recall@20:0.4658	 mrr@20:0.1507	 epoch:4,4
--------------------------------------
epoch 6
lr: 0.001
start training... 2022-04-27 21:22:39.322401
	 train_loss : 25669.398
this_epoch----
recall@10:0.3391	 mrr@10:0.1425
recall@20:0.4674	 mrr@20:0.1513
best_result----
recall@10:0.3391	 mrr@10:0.1425	 epoch:6,6
recall@20:0.4674	 mrr@20:0.1513	 epoch:6,6
--------------------------------------
epoch 7
lr: 0.001
start training... 2022-04-27 21:26:43.268854
	 train_loss : 25575.018
this_epoch----
recall@10:0.3387	 mrr@10:0.1422
recall@20:0.4683	 mrr@20:0.1512
best_result----
recall@10:0.3391	 mrr@10:0.1425	 epoch:6,6
recall@20:0.4683	 mrr@20:0.1513	 epoch:7,6
--------------------------------------
epoch 8
lr: 0.001
start training... 2022-04-27 21:30:46.685067
	 train_loss : 25505.400
this_epoch----
recall@10:0.3396	 mrr@10:0.1440
recall@20:0.4692	 mrr@20:0.1530
best_result----
recall@10:0.3396	 mrr@10:0.1440	 epoch:8,8
recall@20:0.4692	 mrr@20:0.1530	 epoch:8,8
--------------------------------------
epoch 9
lr: 0.001
start training... 2022-04-27 21:34:51.627358
	 train_loss : 25446.145
this_epoch----
recall@10:0.3430	 mrr@10:0.1445
recall@20:0.4706	 mrr@20:0.1532
best_result----
recall@10:0.3430	 mrr@10:0.1445	 epoch:9,9
recall@20:0.4706	 mrr@20:0.1532	 epoch:9,9
--------------------------------------
epoch 10
lr: 0.0001
start training... 2022-04-27 21:38:53.219855
	 train_loss : 22824.701
this_epoch----
recall@10:0.3612	 mrr@10:0.1551
recall@20:0.4904	 mrr@20:0.1641
best_result----
recall@10:0.3612	 mrr@10:0.1551	 epoch:10,10
recall@20:0.4904	 mrr@20:0.1641	 epoch:10,10
--------------------------------------
epoch 11
lr: 0.0001
start training... 2022-04-27 21:42:59.904002
	 train_loss : 22305.922
this_epoch----
recall@10:0.3626	 mrr@10:0.1562
recall@20:0.4929	 mrr@20:0.1652
best_result----
recall@10:0.3626	 mrr@10:0.1562	 epoch:11,11
recall@20:0.4929	 mrr@20:0.1652	 epoch:11,11
--------------------------------------
epoch 12
lr: 0.0001
start training... 2022-04-27 21:46:59.828772
	 train_loss : 22139.939
this_epoch----
recall@10:0.3641	 mrr@10:0.1572
recall@20:0.4946	 mrr@20:0.1662
best_result----
recall@10:0.3641	 mrr@10:0.1572	 epoch:12,12
recall@20:0.4946	 mrr@20:0.1662	 epoch:12,12
--------------------------------------
epoch 13
lr: 0.0001
start training... 2022-04-27 21:51:02.709870
	 train_loss : 22052.238
this_epoch----
recall@10:0.3620	 mrr@10:0.1572
recall@20:0.4942	 mrr@20:0.1664
best_result----
recall@10:0.3641	 mrr@10:0.1572	 epoch:12,13
recall@20:0.4946	 mrr@20:0.1664	 epoch:12,13
--------------------------------------
epoch 14
lr: 0.0001
start training... 2022-04-27 21:55:02.690918
	 train_loss : 21999.840
this_epoch----
recall@10:0.3636	 mrr@10:0.1577
recall@20:0.4946	 mrr@20:0.1668
best_result----
recall@10:0.3641	 mrr@10:0.1577	 epoch:12,14
recall@20:0.4946	 mrr@20:0.1668	 epoch:14,14
--------------------------------------
epoch 15
lr: 0.0001
start training... 2022-04-27 21:59:00.670775
	 train_loss : 21963.188
this_epoch----
recall@10:0.3643	 mrr@10:0.1570
recall@20:0.4943	 mrr@20:0.1660
best_result----
recall@10:0.3643	 mrr@10:0.1577	 epoch:15,14
recall@20:0.4946	 mrr@20:0.1668	 epoch:14,14
--------------------------------------
epoch 16
lr: 0.0001
start training... 2022-04-27 22:03:02.754336
	 train_loss : 21939.670
this_epoch----
recall@10:0.3631	 mrr@10:0.1574
recall@20:0.4950	 mrr@20:0.1666
best_result----
recall@10:0.3643	 mrr@10:0.1577	 epoch:15,14
recall@20:0.4950	 mrr@20:0.1668	 epoch:16,14
--------------------------------------
epoch 17
lr: 0.0001
start training... 2022-04-27 22:07:01.016748
	 train_loss : 21923.330
this_epoch----
recall@10:0.3634	 mrr@10:0.1573
recall@20:0.4946	 mrr@20:0.1664
best_result----
recall@10:0.3643	 mrr@10:0.1577	 epoch:15,14
recall@20:0.4950	 mrr@20:0.1668	 epoch:16,14
--------------------------------------
epoch 18
lr: 0.0001
start training... 2022-04-27 22:10:57.935179
	 train_loss : 21909.520
this_epoch----
recall@10:0.3642	 mrr@10:0.1578
recall@20:0.4942	 mrr@20:0.1668
best_result----
recall@10:0.3643	 mrr@10:0.1578	 epoch:15,18
recall@20:0.4950	 mrr@20:0.1668	 epoch:16,14
--------------------------------------
epoch 19
lr: 0.0001
start training... 2022-04-27 22:14:58.085600
	 train_loss : 21900.961
this_epoch----
recall@10:0.3632	 mrr@10:0.1570
recall@20:0.4941	 mrr@20:0.1661
best_result----
recall@10:0.3643	 mrr@10:0.1578	 epoch:15,18
recall@20:0.4950	 mrr@20:0.1668	 epoch:16,14
--------------------------------------
epoch 20
lr: 1e-05
start training... 2022-04-27 22:19:00.434153
	 train_loss : 21367.359
this_epoch----
recall@10:0.3630	 mrr@10:0.1573
recall@20:0.4944	 mrr@20:0.1665
best_result----
recall@10:0.3643	 mrr@10:0.1578	 epoch:15,18
recall@20:0.4950	 mrr@20:0.1668	 epoch:16,14
--------------------------------------
epoch 21
lr: 1e-05
start training... 2022-04-27 22:22:59.411193
	 train_loss : 21346.570
this_epoch----
recall@10:0.3634	 mrr@10:0.1576
recall@20:0.4944	 mrr@20:0.1667
best_result----
recall@10:0.3643	 mrr@10:0.1578	 epoch:15,18
recall@20:0.4950	 mrr@20:0.1668	 epoch:16,14
--------------------------------------
epoch 22
lr: 1e-05
start training... 2022-04-27 22:27:01.030892
	 train_loss : 21335.084
this_epoch----
recall@10:0.3639	 mrr@10:0.1577
recall@20:0.4944	 mrr@20:0.1667
best_result----
recall@10:0.3643	 mrr@10:0.1578	 epoch:15,18
recall@20:0.4950	 mrr@20:0.1668	 epoch:16,14
--------------------------------------
epoch 23
lr: 1e-05
start training... 2022-04-27 22:30:55.617764
	 train_loss : 21327.457
this_epoch----
recall@10:0.3640	 mrr@10:0.1576
recall@20:0.4941	 mrr@20:0.1666
best_result----
recall@10:0.3643	 mrr@10:0.1578	 epoch:15,18
recall@20:0.4950	 mrr@20:0.1668	 epoch:16,14
--------------------------------------
epoch 24
lr: 1e-05
start training... 2022-04-27 22:34:49.605953
	 train_loss : 21321.566
this_epoch----
recall@10:0.3639	 mrr@10:0.1576
recall@20:0.4939	 mrr@20:0.1667
best_result----
recall@10:0.3643	 mrr@10:0.1578	 epoch:15,18
recall@20:0.4950	 mrr@20:0.1668	 epoch:16,14
--------------------------------------
epoch 25
lr: 1e-05
start training... 2022-04-27 22:38:44.581720
	 train_loss : 21317.205
this_epoch----
recall@10:0.3640	 mrr@10:0.1578
recall@20:0.4943	 mrr@20:0.1668
best_result----
recall@10:0.3643	 mrr@10:0.1578	 epoch:15,18
recall@20:0.4950	 mrr@20:0.1668	 epoch:16,25
--------------------------------------
epoch 26
lr: 1e-05
start training... 2022-04-27 22:42:41.212333
	 train_loss : 21313.146
this_epoch----
recall@10:0.3640	 mrr@10:0.1577
recall@20:0.4946	 mrr@20:0.1668
best_result----
recall@10:0.3643	 mrr@10:0.1578	 epoch:15,18
recall@20:0.4950	 mrr@20:0.1668	 epoch:16,25
--------------------------------------
epoch 27
lr: 1e-05
start training... 2022-04-27 22:46:36.970152
	 train_loss : 21309.982
this_epoch----
recall@10:0.3638	 mrr@10:0.1577
recall@20:0.4946	 mrr@20:0.1668
best_result----
recall@10:0.3643	 mrr@10:0.1578	 epoch:15,18
recall@20:0.4950	 mrr@20:0.1668	 epoch:16,25
--------------------------------------
epoch 28
lr: 1e-05
start training... 2022-04-27 22:50:30.644310
	 train_loss : 21307.420
this_epoch----
recall@10:0.3639	 mrr@10:0.1577
recall@20:0.4947	 mrr@20:0.1668
best_result----
recall@10:0.3643	 mrr@10:0.1578	 epoch:15,18
recall@20:0.4950	 mrr@20:0.1668	 epoch:16,28
--------------------------------------
epoch 29
lr: 1e-05
start training... 2022-04-27 22:54:25.980845
	 train_loss : 21304.852
this_epoch----
recall@10:0.3641	 mrr@10:0.1578
recall@20:0.4947	 mrr@20:0.1669
best_result----
recall@10:0.3643	 mrr@10:0.1578	 epoch:15,29
recall@20:0.4950	 mrr@20:0.1669	 epoch:16,29
Done
