nohup: ignoring input
Namespace(dataset='diginetica', emb_size=100, batch_size=100, l2=1e-05, lr=0.001, lr_dc=0.1, lr_dc_step=10, n_heads=3, n_intentions=3, temp=0.1, evaluate_k=[10, 20], epsilon=0.85, epoch=30, patience=10)
--------------------------------------
epoch 0
lr: 0.001
start training... 2022-04-27 11:14:52.790050
	 train_loss : 37944.398
this_epoch----
recall@10:0.3120	 mrr@10:0.1315
recall@20:0.4370	 mrr@20:0.1401
best_result----
recall@10:0.3120	 mrr@10:0.1315	 epoch:0,0
recall@20:0.4370	 mrr@20:0.1401	 epoch:0,0
--------------------------------------
epoch 1
lr: 0.001
start training... 2022-04-27 11:18:51.870211
	 train_loss : 28180.420
this_epoch----
recall@10:0.3232	 mrr@10:0.1344
recall@20:0.4525	 mrr@20:0.1433
best_result----
recall@10:0.3232	 mrr@10:0.1344	 epoch:1,1
recall@20:0.4525	 mrr@20:0.1433	 epoch:1,1
--------------------------------------
epoch 2
lr: 0.001
start training... 2022-04-27 11:22:46.594365
	 train_loss : 26909.928
this_epoch----
recall@10:0.3315	 mrr@10:0.1384
recall@20:0.4598	 mrr@20:0.1473
best_result----
recall@10:0.3315	 mrr@10:0.1384	 epoch:2,2
recall@20:0.4598	 mrr@20:0.1473	 epoch:2,2
--------------------------------------
epoch 3
lr: 0.001
start training... 2022-04-27 11:26:38.921464
	 train_loss : 26351.174
this_epoch----
recall@10:0.3371	 mrr@10:0.1415
recall@20:0.4630	 mrr@20:0.1502
best_result----
recall@10:0.3371	 mrr@10:0.1415	 epoch:3,3
recall@20:0.4630	 mrr@20:0.1502	 epoch:3,3
--------------------------------------
epoch 4
lr: 0.001
start training... 2022-04-27 11:30:30.637656
	 train_loss : 26031.283
this_epoch----
recall@10:0.3355	 mrr@10:0.1422
recall@20:0.4649	 mrr@20:0.1511
best_result----
recall@10:0.3371	 mrr@10:0.1422	 epoch:3,4
recall@20:0.4649	 mrr@20:0.1511	 epoch:4,4
--------------------------------------
epoch 5
lr: 0.001
start training... 2022-04-27 11:34:25.721887
	 train_loss : 25830.801
this_epoch----
recall@10:0.3385	 mrr@10:0.1421
recall@20:0.4680	 mrr@20:0.1511
best_result----
recall@10:0.3385	 mrr@10:0.1422	 epoch:5,4
recall@20:0.4680	 mrr@20:0.1511	 epoch:5,4
--------------------------------------
epoch 6
lr: 0.001
start training... 2022-04-27 11:38:19.906152
	 train_loss : 25685.732
this_epoch----
recall@10:0.3380	 mrr@10:0.1419
recall@20:0.4664	 mrr@20:0.1508
best_result----
recall@10:0.3385	 mrr@10:0.1422	 epoch:5,4
recall@20:0.4680	 mrr@20:0.1511	 epoch:5,4
--------------------------------------
epoch 7
lr: 0.001
start training... 2022-04-27 11:42:19.083920
	 train_loss : 25584.764
this_epoch----
recall@10:0.3400	 mrr@10:0.1437
recall@20:0.4668	 mrr@20:0.1524
best_result----
recall@10:0.3400	 mrr@10:0.1437	 epoch:7,7
recall@20:0.4680	 mrr@20:0.1524	 epoch:5,7
--------------------------------------
epoch 8
lr: 0.001
start training... 2022-04-27 11:46:15.507224
	 train_loss : 25516.676
this_epoch----
recall@10:0.3403	 mrr@10:0.1443
recall@20:0.4693	 mrr@20:0.1532
best_result----
recall@10:0.3403	 mrr@10:0.1443	 epoch:8,8
recall@20:0.4693	 mrr@20:0.1532	 epoch:8,8
--------------------------------------
epoch 9
lr: 0.001
start training... 2022-04-27 11:50:12.198039
	 train_loss : 25459.299
this_epoch----
recall@10:0.3412	 mrr@10:0.1441
recall@20:0.4703	 mrr@20:0.1530
best_result----
recall@10:0.3412	 mrr@10:0.1443	 epoch:9,8
recall@20:0.4703	 mrr@20:0.1532	 epoch:9,8
--------------------------------------
epoch 10
lr: 0.0001
start training... 2022-04-27 11:54:08.915004
	 train_loss : 22832.133
this_epoch----
recall@10:0.3616	 mrr@10:0.1561
recall@20:0.4894	 mrr@20:0.1649
best_result----
recall@10:0.3616	 mrr@10:0.1561	 epoch:10,10
recall@20:0.4894	 mrr@20:0.1649	 epoch:10,10
--------------------------------------
epoch 11
lr: 0.0001
start training... 2022-04-27 11:58:06.997438
	 train_loss : 22321.100
this_epoch----
recall@10:0.3631	 mrr@10:0.1561
recall@20:0.4924	 mrr@20:0.1651
best_result----
recall@10:0.3631	 mrr@10:0.1561	 epoch:11,11
recall@20:0.4924	 mrr@20:0.1651	 epoch:11,11
--------------------------------------
epoch 12
lr: 0.0001
start training... 2022-04-27 12:02:04.713914
	 train_loss : 22159.869
this_epoch----
recall@10:0.3623	 mrr@10:0.1560
recall@20:0.4920	 mrr@20:0.1650
best_result----
recall@10:0.3631	 mrr@10:0.1561	 epoch:11,11
recall@20:0.4924	 mrr@20:0.1651	 epoch:11,11
--------------------------------------
epoch 13
lr: 0.0001
start training... 2022-04-27 12:06:02.279771
	 train_loss : 22076.188
this_epoch----
recall@10:0.3621	 mrr@10:0.1566
recall@20:0.4928	 mrr@20:0.1657
best_result----
recall@10:0.3631	 mrr@10:0.1566	 epoch:11,13
recall@20:0.4928	 mrr@20:0.1657	 epoch:13,13
--------------------------------------
epoch 14
lr: 0.0001
start training... 2022-04-27 12:09:58.570830
	 train_loss : 22023.850
this_epoch----
recall@10:0.3630	 mrr@10:0.1571
recall@20:0.4921	 mrr@20:0.1661
best_result----
recall@10:0.3631	 mrr@10:0.1571	 epoch:11,14
recall@20:0.4928	 mrr@20:0.1661	 epoch:13,14
--------------------------------------
epoch 15
lr: 0.0001
start training... 2022-04-27 12:13:54.785114
	 train_loss : 21990.881
this_epoch----
recall@10:0.3636	 mrr@10:0.1574
recall@20:0.4929	 mrr@20:0.1663
best_result----
recall@10:0.3636	 mrr@10:0.1574	 epoch:15,15
recall@20:0.4929	 mrr@20:0.1663	 epoch:15,15
--------------------------------------
epoch 16
lr: 0.0001
start training... 2022-04-27 12:17:52.271246
	 train_loss : 21967.344
this_epoch----
recall@10:0.3633	 mrr@10:0.1573
recall@20:0.4939	 mrr@20:0.1664
best_result----
recall@10:0.3636	 mrr@10:0.1574	 epoch:15,15
recall@20:0.4939	 mrr@20:0.1664	 epoch:16,16
--------------------------------------
epoch 17
lr: 0.0001
start training... 2022-04-27 12:21:47.801857
	 train_loss : 21950.930
this_epoch----
recall@10:0.3637	 mrr@10:0.1569
recall@20:0.4934	 mrr@20:0.1659
best_result----
recall@10:0.3637	 mrr@10:0.1574	 epoch:17,15
recall@20:0.4939	 mrr@20:0.1664	 epoch:16,16
--------------------------------------
epoch 18
lr: 0.0001
start training... 2022-04-27 12:25:40.343829
	 train_loss : 21941.982
this_epoch----
recall@10:0.3633	 mrr@10:0.1575
recall@20:0.4945	 mrr@20:0.1666
best_result----
recall@10:0.3637	 mrr@10:0.1575	 epoch:17,18
recall@20:0.4945	 mrr@20:0.1666	 epoch:18,18
--------------------------------------
epoch 19
lr: 0.0001
start training... 2022-04-27 12:29:34.317024
	 train_loss : 21933.047
this_epoch----
recall@10:0.3628	 mrr@10:0.1573
recall@20:0.4936	 mrr@20:0.1664
best_result----
recall@10:0.3637	 mrr@10:0.1575	 epoch:17,18
recall@20:0.4945	 mrr@20:0.1666	 epoch:18,18
--------------------------------------
epoch 20
lr: 1e-05
start training... 2022-04-27 12:33:28.827478
	 train_loss : 21401.902
this_epoch----
recall@10:0.3630	 mrr@10:0.1576
recall@20:0.4942	 mrr@20:0.1667
best_result----
recall@10:0.3637	 mrr@10:0.1576	 epoch:17,20
recall@20:0.4945	 mrr@20:0.1667	 epoch:18,20
--------------------------------------
epoch 21
lr: 1e-05
start training... 2022-04-27 12:37:23.038851
	 train_loss : 21382.033
this_epoch----
recall@10:0.3639	 mrr@10:0.1578
recall@20:0.4942	 mrr@20:0.1668
best_result----
recall@10:0.3639	 mrr@10:0.1578	 epoch:21,21
recall@20:0.4945	 mrr@20:0.1668	 epoch:18,21
--------------------------------------
epoch 22
lr: 1e-05
start training... 2022-04-27 12:41:21.638456
	 train_loss : 21370.332
this_epoch----
recall@10:0.3640	 mrr@10:0.1580
recall@20:0.4944	 mrr@20:0.1670
best_result----
recall@10:0.3640	 mrr@10:0.1580	 epoch:22,22
recall@20:0.4945	 mrr@20:0.1670	 epoch:18,22
--------------------------------------
epoch 23
lr: 1e-05
start training... 2022-04-27 12:45:20.126758
	 train_loss : 21362.906
this_epoch----
recall@10:0.3644	 mrr@10:0.1581
recall@20:0.4945	 mrr@20:0.1671
best_result----
recall@10:0.3644	 mrr@10:0.1581	 epoch:23,23
recall@20:0.4945	 mrr@20:0.1671	 epoch:18,23
--------------------------------------
epoch 24
lr: 1e-05
start training... 2022-04-27 12:49:13.951016
	 train_loss : 21357.289
this_epoch----
recall@10:0.3644	 mrr@10:0.1581
recall@20:0.4948	 mrr@20:0.1671
best_result----
recall@10:0.3644	 mrr@10:0.1581	 epoch:23,23
recall@20:0.4948	 mrr@20:0.1671	 epoch:24,23
--------------------------------------
epoch 25
lr: 1e-05
start training... 2022-04-27 12:53:09.388469
	 train_loss : 21352.850
this_epoch----
recall@10:0.3644	 mrr@10:0.1580
recall@20:0.4947	 mrr@20:0.1670
best_result----
recall@10:0.3644	 mrr@10:0.1581	 epoch:23,23
recall@20:0.4948	 mrr@20:0.1671	 epoch:24,23
--------------------------------------
epoch 26
lr: 1e-05
start training... 2022-04-27 12:57:04.990928
	 train_loss : 21348.611
this_epoch----
recall@10:0.3643	 mrr@10:0.1581
recall@20:0.4946	 mrr@20:0.1671
best_result----
recall@10:0.3644	 mrr@10:0.1581	 epoch:23,23
recall@20:0.4948	 mrr@20:0.1671	 epoch:24,26
--------------------------------------
epoch 27
lr: 1e-05
start training... 2022-04-27 13:01:00.150031
	 train_loss : 21345.529
this_epoch----
recall@10:0.3642	 mrr@10:0.1580
recall@20:0.4946	 mrr@20:0.1670
best_result----
recall@10:0.3644	 mrr@10:0.1581	 epoch:23,23
recall@20:0.4948	 mrr@20:0.1671	 epoch:24,26
--------------------------------------
epoch 28
lr: 1e-05
start training... 2022-04-27 13:04:58.751262
	 train_loss : 21342.580
this_epoch----
recall@10:0.3641	 mrr@10:0.1579
recall@20:0.4949	 mrr@20:0.1669
best_result----
recall@10:0.3644	 mrr@10:0.1581	 epoch:23,23
recall@20:0.4949	 mrr@20:0.1671	 epoch:28,26
--------------------------------------
epoch 29
lr: 1e-05
start training... 2022-04-27 13:08:54.896580
	 train_loss : 21339.902
this_epoch----
recall@10:0.3644	 mrr@10:0.1580
recall@20:0.4952	 mrr@20:0.1670
best_result----
recall@10:0.3644	 mrr@10:0.1581	 epoch:23,23
recall@20:0.4952	 mrr@20:0.1671	 epoch:29,26
Done
