nohup: ignoring input
Namespace(dataset='diginetica', emb_size=100, batch_size=100, l2=1e-05, lr=0.001, lr_dc=0.1, lr_dc_step=10, n_heads=3, n_intentions=3, temp=0.1, evaluate_k=[10, 20], epsilon=0.85, epoch=30, patience=10)
--------------------------------------
epoch 0
lr: 0.001
start training... 2022-04-27 18:23:05.474761
	 train_loss : 38274.355
this_epoch----
recall@10:0.3144	 mrr@10:0.1319
recall@20:0.4384	 mrr@20:0.1405
best_result----
recall@10:0.3144	 mrr@10:0.1319	 epoch:0,0
recall@20:0.4384	 mrr@20:0.1405	 epoch:0,0
--------------------------------------
epoch 1
lr: 0.001
start training... 2022-04-27 18:27:00.261594
	 train_loss : 28195.850
this_epoch----
recall@10:0.3258	 mrr@10:0.1343
recall@20:0.4535	 mrr@20:0.1431
best_result----
recall@10:0.3258	 mrr@10:0.1343	 epoch:1,1
recall@20:0.4535	 mrr@20:0.1431	 epoch:1,1
--------------------------------------
epoch 2
lr: 0.001
start training... 2022-04-27 18:30:53.435922
	 train_loss : 26828.760
this_epoch----
recall@10:0.3306	 mrr@10:0.1383
recall@20:0.4604	 mrr@20:0.1473
best_result----
recall@10:0.3306	 mrr@10:0.1383	 epoch:2,2
recall@20:0.4604	 mrr@20:0.1473	 epoch:2,2
--------------------------------------
epoch 3
lr: 0.001
start training... 2022-04-27 18:34:49.396981
	 train_loss : 26280.938
this_epoch----
recall@10:0.3347	 mrr@10:0.1402
recall@20:0.4640	 mrr@20:0.1491
best_result----
recall@10:0.3347	 mrr@10:0.1402	 epoch:3,3
recall@20:0.4640	 mrr@20:0.1491	 epoch:3,3
--------------------------------------
epoch 4
lr: 0.001
start training... 2022-04-27 18:38:44.224444
	 train_loss : 25964.277
this_epoch----
recall@10:0.3353	 mrr@10:0.1408
recall@20:0.4647	 mrr@20:0.1497
best_result----
recall@10:0.3353	 mrr@10:0.1408	 epoch:4,4
recall@20:0.4647	 mrr@20:0.1497	 epoch:4,4
--------------------------------------
epoch 5
lr: 0.001
start training... 2022-04-27 18:42:40.145439
	 train_loss : 25759.188
this_epoch----
recall@10:0.3389	 mrr@10:0.1422
recall@20:0.4661	 mrr@20:0.1510
best_result----
recall@10:0.3389	 mrr@10:0.1422	 epoch:5,5
recall@20:0.4661	 mrr@20:0.1510	 epoch:5,5
--------------------------------------
epoch 6
lr: 0.001
start training... 2022-04-27 18:46:36.466736
	 train_loss : 25618.158
this_epoch----
recall@10:0.3397	 mrr@10:0.1424
recall@20:0.4704	 mrr@20:0.1514
best_result----
recall@10:0.3397	 mrr@10:0.1424	 epoch:6,6
recall@20:0.4704	 mrr@20:0.1514	 epoch:6,6
--------------------------------------
epoch 7
lr: 0.001
start training... 2022-04-27 18:50:31.198805
	 train_loss : 25510.348
this_epoch----
recall@10:0.3393	 mrr@10:0.1432
recall@20:0.4689	 mrr@20:0.1521
best_result----
recall@10:0.3397	 mrr@10:0.1432	 epoch:6,7
recall@20:0.4704	 mrr@20:0.1521	 epoch:6,7
--------------------------------------
epoch 8
lr: 0.001
start training... 2022-04-27 18:54:25.468091
	 train_loss : 25439.182
this_epoch----
recall@10:0.3407	 mrr@10:0.1448
recall@20:0.4711	 mrr@20:0.1538
best_result----
recall@10:0.3407	 mrr@10:0.1448	 epoch:8,8
recall@20:0.4711	 mrr@20:0.1538	 epoch:8,8
--------------------------------------
epoch 9
lr: 0.001
start training... 2022-04-27 18:58:20.773554
	 train_loss : 25374.119
this_epoch----
recall@10:0.3393	 mrr@10:0.1434
recall@20:0.4696	 mrr@20:0.1524
best_result----
recall@10:0.3407	 mrr@10:0.1448	 epoch:8,8
recall@20:0.4711	 mrr@20:0.1538	 epoch:8,8
--------------------------------------
epoch 10
lr: 0.0001
start training... 2022-04-27 19:02:15.767254
	 train_loss : 22742.477
this_epoch----
recall@10:0.3604	 mrr@10:0.1545
recall@20:0.4902	 mrr@20:0.1635
best_result----
recall@10:0.3604	 mrr@10:0.1545	 epoch:10,10
recall@20:0.4902	 mrr@20:0.1635	 epoch:10,10
--------------------------------------
epoch 11
lr: 0.0001
start training... 2022-04-27 19:06:09.526673
	 train_loss : 22220.326
this_epoch----
recall@10:0.3627	 mrr@10:0.1559
recall@20:0.4927	 mrr@20:0.1649
best_result----
recall@10:0.3627	 mrr@10:0.1559	 epoch:11,11
recall@20:0.4927	 mrr@20:0.1649	 epoch:11,11
--------------------------------------
epoch 12
lr: 0.0001
start training... 2022-04-27 19:10:04.852345
	 train_loss : 22050.770
this_epoch----
recall@10:0.3637	 mrr@10:0.1570
recall@20:0.4928	 mrr@20:0.1659
best_result----
recall@10:0.3637	 mrr@10:0.1570	 epoch:12,12
recall@20:0.4928	 mrr@20:0.1659	 epoch:12,12
--------------------------------------
epoch 13
lr: 0.0001
start training... 2022-04-27 19:14:01.736925
	 train_loss : 21961.139
this_epoch----
recall@10:0.3636	 mrr@10:0.1563
recall@20:0.4927	 mrr@20:0.1652
best_result----
recall@10:0.3637	 mrr@10:0.1570	 epoch:12,12
recall@20:0.4928	 mrr@20:0.1659	 epoch:12,12
--------------------------------------
epoch 14
lr: 0.0001
start training... 2022-04-27 19:18:02.722150
	 train_loss : 21903.402
this_epoch----
recall@10:0.3642	 mrr@10:0.1569
recall@20:0.4926	 mrr@20:0.1658
best_result----
recall@10:0.3642	 mrr@10:0.1570	 epoch:14,12
recall@20:0.4928	 mrr@20:0.1659	 epoch:12,12
--------------------------------------
epoch 15
lr: 0.0001
start training... 2022-04-27 19:21:59.349182
	 train_loss : 21863.080
this_epoch----
recall@10:0.3637	 mrr@10:0.1569
recall@20:0.4937	 mrr@20:0.1658
best_result----
recall@10:0.3642	 mrr@10:0.1570	 epoch:14,12
recall@20:0.4937	 mrr@20:0.1659	 epoch:15,12
--------------------------------------
epoch 16
lr: 0.0001
start training... 2022-04-27 19:25:55.471458
	 train_loss : 21834.936
this_epoch----
recall@10:0.3640	 mrr@10:0.1569
recall@20:0.4938	 mrr@20:0.1659
best_result----
recall@10:0.3642	 mrr@10:0.1570	 epoch:14,12
recall@20:0.4938	 mrr@20:0.1659	 epoch:16,12
--------------------------------------
epoch 17
lr: 0.0001
start training... 2022-04-27 19:29:50.456076
	 train_loss : 21812.680
this_epoch----
recall@10:0.3644	 mrr@10:0.1569
recall@20:0.4940	 mrr@20:0.1659
best_result----
recall@10:0.3644	 mrr@10:0.1570	 epoch:17,12
recall@20:0.4940	 mrr@20:0.1659	 epoch:17,12
--------------------------------------
epoch 18
lr: 0.0001
start training... 2022-04-27 19:33:43.379473
	 train_loss : 21796.035
this_epoch----
recall@10:0.3629	 mrr@10:0.1570
recall@20:0.4942	 mrr@20:0.1661
best_result----
recall@10:0.3644	 mrr@10:0.1570	 epoch:17,18
recall@20:0.4942	 mrr@20:0.1661	 epoch:18,18
--------------------------------------
epoch 19
lr: 0.0001
start training... 2022-04-27 19:37:38.973379
	 train_loss : 21782.783
this_epoch----
recall@10:0.3639	 mrr@10:0.1570
recall@20:0.4936	 mrr@20:0.1659
best_result----
recall@10:0.3644	 mrr@10:0.1570	 epoch:17,18
recall@20:0.4942	 mrr@20:0.1661	 epoch:18,18
--------------------------------------
epoch 20
lr: 1e-05
start training... 2022-04-27 19:41:32.164871
	 train_loss : 21246.057
this_epoch----
recall@10:0.3643	 mrr@10:0.1572
recall@20:0.4942	 mrr@20:0.1662
best_result----
recall@10:0.3644	 mrr@10:0.1572	 epoch:17,20
recall@20:0.4942	 mrr@20:0.1662	 epoch:18,20
--------------------------------------
epoch 21
lr: 1e-05
start training... 2022-04-27 19:45:28.477314
	 train_loss : 21224.688
this_epoch----
recall@10:0.3643	 mrr@10:0.1573
recall@20:0.4947	 mrr@20:0.1663
best_result----
recall@10:0.3644	 mrr@10:0.1573	 epoch:17,21
recall@20:0.4947	 mrr@20:0.1663	 epoch:21,21
--------------------------------------
epoch 22
lr: 1e-05
start training... 2022-04-27 19:49:25.130917
	 train_loss : 21212.334
this_epoch----
recall@10:0.3641	 mrr@10:0.1574
recall@20:0.4948	 mrr@20:0.1665
best_result----
recall@10:0.3644	 mrr@10:0.1574	 epoch:17,22
recall@20:0.4948	 mrr@20:0.1665	 epoch:22,22
--------------------------------------
epoch 23
lr: 1e-05
start training... 2022-04-27 19:53:20.973691
	 train_loss : 21204.281
this_epoch----
recall@10:0.3640	 mrr@10:0.1575
recall@20:0.4947	 mrr@20:0.1665
best_result----
recall@10:0.3644	 mrr@10:0.1575	 epoch:17,23
recall@20:0.4948	 mrr@20:0.1665	 epoch:22,23
--------------------------------------
epoch 24
lr: 1e-05
start training... 2022-04-27 19:57:16.531327
	 train_loss : 21197.887
this_epoch----
recall@10:0.3640	 mrr@10:0.1575
recall@20:0.4950	 mrr@20:0.1665
best_result----
recall@10:0.3644	 mrr@10:0.1575	 epoch:17,23
recall@20:0.4950	 mrr@20:0.1665	 epoch:24,24
--------------------------------------
epoch 25
lr: 1e-05
start training... 2022-04-27 20:01:14.606826
	 train_loss : 21192.807
this_epoch----
recall@10:0.3636	 mrr@10:0.1574
recall@20:0.4950	 mrr@20:0.1665
best_result----
recall@10:0.3644	 mrr@10:0.1575	 epoch:17,23
recall@20:0.4950	 mrr@20:0.1665	 epoch:24,24
--------------------------------------
epoch 26
lr: 1e-05
start training... 2022-04-27 20:05:09.618383
	 train_loss : 21188.418
this_epoch----
recall@10:0.3637	 mrr@10:0.1575
recall@20:0.4954	 mrr@20:0.1666
best_result----
recall@10:0.3644	 mrr@10:0.1575	 epoch:17,26
recall@20:0.4954	 mrr@20:0.1666	 epoch:26,26
--------------------------------------
epoch 27
lr: 1e-05
start training... 2022-04-27 20:09:04.356154
	 train_loss : 21184.691
this_epoch----
recall@10:0.3636	 mrr@10:0.1574
recall@20:0.4950	 mrr@20:0.1665
best_result----
recall@10:0.3644	 mrr@10:0.1575	 epoch:17,26
recall@20:0.4954	 mrr@20:0.1666	 epoch:26,26
--------------------------------------
epoch 28
lr: 1e-05
start training... 2022-04-27 20:12:59.423741
	 train_loss : 21181.131
this_epoch----
recall@10:0.3636	 mrr@10:0.1576
recall@20:0.4948	 mrr@20:0.1666
best_result----
recall@10:0.3644	 mrr@10:0.1576	 epoch:17,28
recall@20:0.4954	 mrr@20:0.1666	 epoch:26,28
--------------------------------------
epoch 29
lr: 1e-05
start training... 2022-04-27 20:16:54.725243
	 train_loss : 21177.855
this_epoch----
recall@10:0.3639	 mrr@10:0.1575
recall@20:0.4950	 mrr@20:0.1666
best_result----
recall@10:0.3644	 mrr@10:0.1576	 epoch:17,28
recall@20:0.4954	 mrr@20:0.1666	 epoch:26,28
Done
