nohup: ignoring input
Namespace(batch_size=100, dataset='diginetica', emb_size=100, epoch=30, epsilon=0.85, evaluate_k=[10, 20], l2=1e-05, lr=0.001, lr_dc=0.1, lr_dc_step=10, n_heads=3, n_intentions=3, patience=10, temp=0.1)
--------------------------------------
epoch 0
lr: 0.001
start training... 2022-04-10 16:40:35.925865
	 train_loss : 45725.883
this_epoch----
recall@10:0.2518	 mrr@10:0.1032
recall@20:0.3577	 mrr@20:0.1105
best_result----
recall@10:0.2518	 mrr@10:0.1032	 epoch:0,0
recall@20:0.3577	 mrr@20:0.1105	 epoch:0,0
--------------------------------------
epoch 1
lr: 0.001
start training... 2022-04-10 16:48:37.605521
	 train_loss : 37063.691
this_epoch----
recall@10:0.2764	 mrr@10:0.1143
recall@20:0.3903	 mrr@20:0.1221
best_result----
recall@10:0.2764	 mrr@10:0.1143	 epoch:1,1
recall@20:0.3903	 mrr@20:0.1221	 epoch:1,1
--------------------------------------
epoch 2
lr: 0.001
start training... 2022-04-10 16:57:12.587382
	 train_loss : 33800.918
this_epoch----
recall@10:0.2848	 mrr@10:0.1173
recall@20:0.4003	 mrr@20:0.1253
best_result----
recall@10:0.2848	 mrr@10:0.1173	 epoch:2,2
recall@20:0.4003	 mrr@20:0.1253	 epoch:2,2
--------------------------------------
epoch 3
lr: 0.001
start training... 2022-04-10 17:05:38.823397
	 train_loss : 31893.312
this_epoch----
recall@10:0.2827	 mrr@10:0.1137
recall@20:0.3998	 mrr@20:0.1218
best_result----
recall@10:0.2848	 mrr@10:0.1173	 epoch:2,2
recall@20:0.4003	 mrr@20:0.1253	 epoch:2,2
--------------------------------------
epoch 4
lr: 0.001
start training... 2022-04-10 17:14:15.436817
	 train_loss : 30439.176
this_epoch----
recall@10:0.2816	 mrr@10:0.1130
recall@20:0.3999	 mrr@20:0.1211
best_result----
recall@10:0.2848	 mrr@10:0.1173	 epoch:2,2
recall@20:0.4003	 mrr@20:0.1253	 epoch:2,2
--------------------------------------
epoch 5
lr: 0.001
start training... 2022-04-10 17:22:54.038729
	 train_loss : 29286.639
this_epoch----
recall@10:0.2774	 mrr@10:0.1114
recall@20:0.3949	 mrr@20:0.1195
best_result----
recall@10:0.2848	 mrr@10:0.1173	 epoch:2,2
recall@20:0.4003	 mrr@20:0.1253	 epoch:2,2
--------------------------------------
epoch 6
lr: 0.001
start training... 2022-04-10 17:31:31.093760
	 train_loss : 28371.732
this_epoch----
recall@10:0.2728	 mrr@10:0.1064
recall@20:0.3896	 mrr@20:0.1145
best_result----
recall@10:0.2848	 mrr@10:0.1173	 epoch:2,2
recall@20:0.4003	 mrr@20:0.1253	 epoch:2,2
--------------------------------------
epoch 7
lr: 0.001
start training... 2022-04-10 17:40:09.198908
	 train_loss : 27610.863
this_epoch----
recall@10:0.2696	 mrr@10:0.1033
recall@20:0.3814	 mrr@20:0.1111
best_result----
recall@10:0.2848	 mrr@10:0.1173	 epoch:2,2
recall@20:0.4003	 mrr@20:0.1253	 epoch:2,2
--------------------------------------
epoch 8
lr: 0.001
start training... 2022-04-10 17:48:45.453285
	 train_loss : 26965.184
this_epoch----
recall@10:0.2554	 mrr@10:0.0973
recall@20:0.3713	 mrr@20:0.1053
best_result----
recall@10:0.2848	 mrr@10:0.1173	 epoch:2,2
recall@20:0.4003	 mrr@20:0.1253	 epoch:2,2
--------------------------------------
epoch 9
lr: 0.001
start training... 2022-04-10 17:57:19.720598
	 train_loss : 26393.686
this_epoch----
recall@10:0.2520	 mrr@10:0.0951
recall@20:0.3678	 mrr@20:0.1031
best_result----
recall@10:0.2848	 mrr@10:0.1173	 epoch:2,2
recall@20:0.4003	 mrr@20:0.1253	 epoch:2,2
--------------------------------------
epoch 10
lr: 0.0001
start training... 2022-04-10 18:05:53.911209
	 train_loss : 21652.996
this_epoch----
recall@10:0.2666	 mrr@10:0.1025
recall@20:0.3789	 mrr@20:0.1102
best_result----
recall@10:0.2848	 mrr@10:0.1173	 epoch:2,2
recall@20:0.4003	 mrr@20:0.1253	 epoch:2,2
--------------------------------------
epoch 11
lr: 0.0001
start training... 2022-04-10 18:14:29.998338
	 train_loss : 20489.242
this_epoch----
recall@10:0.2629	 mrr@10:0.1002
recall@20:0.3751	 mrr@20:0.1080
best_result----
recall@10:0.2848	 mrr@10:0.1173	 epoch:2,2
recall@20:0.4003	 mrr@20:0.1253	 epoch:2,2
--------------------------------------
epoch 12
lr: 0.0001
start training... 2022-04-10 18:23:07.037536
	 train_loss : 20020.002
this_epoch----
recall@10:0.2580	 mrr@10:0.0986
recall@20:0.3706	 mrr@20:0.1063
best_result----
recall@10:0.2848	 mrr@10:0.1173	 epoch:2,2
recall@20:0.4003	 mrr@20:0.1253	 epoch:2,2
Done
