nohup: ignoring input
Namespace(dataset='diginetica', emb_size=100, batch_size=100, l2=1e-05, lr=0.001, lr_dc=0.1, lr_dc_step=10, n_heads=3, n_intentions=3, temp=0.1, evaluate_k=[10, 20], epsilon=0.85, epoch=30, patience=10)
--------------------------------------
epoch 0
lr: 0.001
start training... 2022-04-25 16:11:42.049978
	 train_loss : 37562.430
this_epoch----
recall@10:0.3125	 mrr@10:0.1307
recall@20:0.4356	 mrr@20:0.1392
best_result----
recall@10:0.3125	 mrr@10:0.1307	 epoch:0,0
recall@20:0.4356	 mrr@20:0.1392	 epoch:0,0
--------------------------------------
epoch 1
lr: 0.001
start training... 2022-04-25 16:17:36.190031
	 train_loss : 28086.348
this_epoch----
recall@10:0.3258	 mrr@10:0.1358
recall@20:0.4555	 mrr@20:0.1448
best_result----
recall@10:0.3258	 mrr@10:0.1358	 epoch:1,1
recall@20:0.4555	 mrr@20:0.1448	 epoch:1,1
--------------------------------------
epoch 2
lr: 0.001
start training... 2022-04-25 16:23:31.310293
	 train_loss : 26860.318
this_epoch----
recall@10:0.3306	 mrr@10:0.1386
recall@20:0.4588	 mrr@20:0.1475
best_result----
recall@10:0.3306	 mrr@10:0.1386	 epoch:2,2
recall@20:0.4588	 mrr@20:0.1475	 epoch:2,2
--------------------------------------
epoch 3
lr: 0.001
start training... 2022-04-25 16:28:54.526725
	 train_loss : 26329.621
this_epoch----
recall@10:0.3333	 mrr@10:0.1403
recall@20:0.4642	 mrr@20:0.1494
best_result----
recall@10:0.3333	 mrr@10:0.1403	 epoch:3,3
recall@20:0.4642	 mrr@20:0.1494	 epoch:3,3
--------------------------------------
epoch 4
lr: 0.001
start training... 2022-04-25 16:35:26.499170
	 train_loss : 26007.131
this_epoch----
recall@10:0.3361	 mrr@10:0.1429
recall@20:0.4647	 mrr@20:0.1518
best_result----
recall@10:0.3361	 mrr@10:0.1429	 epoch:4,4
recall@20:0.4647	 mrr@20:0.1518	 epoch:4,4
--------------------------------------
epoch 5
lr: 0.001
start training... 2022-04-25 16:41:31.930540
	 train_loss : 25808.846
this_epoch----
recall@10:0.3394	 mrr@10:0.1435
recall@20:0.4683	 mrr@20:0.1524
best_result----
recall@10:0.3394	 mrr@10:0.1435	 epoch:5,5
recall@20:0.4683	 mrr@20:0.1524	 epoch:5,5
--------------------------------------
epoch 6
lr: 0.001
start training... 2022-04-25 16:46:54.675354
	 train_loss : 25680.934
this_epoch----
recall@10:0.3379	 mrr@10:0.1427
recall@20:0.4684	 mrr@20:0.1517
best_result----
recall@10:0.3394	 mrr@10:0.1435	 epoch:5,5
recall@20:0.4684	 mrr@20:0.1524	 epoch:6,5
--------------------------------------
epoch 7
lr: 0.001
start training... 2022-04-25 16:53:09.623290
	 train_loss : 25574.848
this_epoch----
recall@10:0.3408	 mrr@10:0.1434
recall@20:0.4702	 mrr@20:0.1524
best_result----
recall@10:0.3408	 mrr@10:0.1435	 epoch:7,5
recall@20:0.4702	 mrr@20:0.1524	 epoch:7,7
--------------------------------------
epoch 8
lr: 0.001
start training... 2022-04-25 16:59:07.206798
	 train_loss : 25505.811
this_epoch----
recall@10:0.3384	 mrr@10:0.1431
recall@20:0.4684	 mrr@20:0.1521
best_result----
recall@10:0.3408	 mrr@10:0.1435	 epoch:7,5
recall@20:0.4702	 mrr@20:0.1524	 epoch:7,7
--------------------------------------
epoch 9
lr: 0.001
start training... 2022-04-25 17:05:10.370347
	 train_loss : 25439.586
this_epoch----
recall@10:0.3411	 mrr@10:0.1453
recall@20:0.4694	 mrr@20:0.1541
best_result----
recall@10:0.3411	 mrr@10:0.1453	 epoch:9,9
recall@20:0.4702	 mrr@20:0.1541	 epoch:7,9
--------------------------------------
epoch 10
lr: 0.0001
start training... 2022-04-25 17:11:02.715528
	 train_loss : 22819.898
this_epoch----
recall@10:0.3613	 mrr@10:0.1557
recall@20:0.4903	 mrr@20:0.1647
best_result----
recall@10:0.3613	 mrr@10:0.1557	 epoch:10,10
recall@20:0.4903	 mrr@20:0.1647	 epoch:10,10
--------------------------------------
epoch 11
lr: 0.0001
start training... 2022-04-25 17:17:10.479444
	 train_loss : 22311.801
this_epoch----
recall@10:0.3636	 mrr@10:0.1567
recall@20:0.4923	 mrr@20:0.1656
best_result----
recall@10:0.3636	 mrr@10:0.1567	 epoch:11,11
recall@20:0.4923	 mrr@20:0.1656	 epoch:11,11
--------------------------------------
epoch 12
lr: 0.0001
start training... 2022-04-25 17:22:37.992838
	 train_loss : 22153.639
this_epoch----
recall@10:0.3641	 mrr@10:0.1570
recall@20:0.4928	 mrr@20:0.1659
best_result----
recall@10:0.3641	 mrr@10:0.1570	 epoch:12,12
recall@20:0.4928	 mrr@20:0.1659	 epoch:12,12
--------------------------------------
epoch 13
lr: 0.0001
start training... 2022-04-25 17:29:00.535456
	 train_loss : 22071.053
this_epoch----
recall@10:0.3636	 mrr@10:0.1573
recall@20:0.4931	 mrr@20:0.1663
best_result----
recall@10:0.3641	 mrr@10:0.1573	 epoch:12,13
recall@20:0.4931	 mrr@20:0.1663	 epoch:13,13
--------------------------------------
epoch 14
lr: 0.0001
start training... 2022-04-25 17:34:38.150077
	 train_loss : 22020.283
this_epoch----
recall@10:0.3634	 mrr@10:0.1571
recall@20:0.4931	 mrr@20:0.1661
best_result----
recall@10:0.3641	 mrr@10:0.1573	 epoch:12,13
recall@20:0.4931	 mrr@20:0.1663	 epoch:13,13
--------------------------------------
epoch 15
lr: 0.0001
start training... 2022-04-25 17:40:53.129716
	 train_loss : 21988.316
this_epoch----
recall@10:0.3635	 mrr@10:0.1571
recall@20:0.4927	 mrr@20:0.1661
best_result----
recall@10:0.3641	 mrr@10:0.1573	 epoch:12,13
recall@20:0.4931	 mrr@20:0.1663	 epoch:13,13
--------------------------------------
epoch 16
lr: 0.0001
start training... 2022-04-25 17:46:23.416579
	 train_loss : 21965.736
this_epoch----
recall@10:0.3636	 mrr@10:0.1572
recall@20:0.4936	 mrr@20:0.1662
best_result----
recall@10:0.3641	 mrr@10:0.1573	 epoch:12,13
recall@20:0.4936	 mrr@20:0.1663	 epoch:16,13
--------------------------------------
epoch 17
lr: 0.0001
start training... 2022-04-25 17:52:47.152625
	 train_loss : 21951.498
this_epoch----
recall@10:0.3651	 mrr@10:0.1575
recall@20:0.4935	 mrr@20:0.1664
best_result----
recall@10:0.3651	 mrr@10:0.1575	 epoch:17,17
recall@20:0.4936	 mrr@20:0.1664	 epoch:16,17
--------------------------------------
epoch 18
lr: 0.0001
start training... 2022-04-25 17:58:50.267791
	 train_loss : 21940.418
this_epoch----
recall@10:0.3634	 mrr@10:0.1576
recall@20:0.4931	 mrr@20:0.1666
best_result----
recall@10:0.3651	 mrr@10:0.1576	 epoch:17,18
recall@20:0.4936	 mrr@20:0.1666	 epoch:16,18
--------------------------------------
epoch 19
lr: 0.0001
start training... 2022-04-25 18:04:50.968638
	 train_loss : 21933.785
this_epoch----
recall@10:0.3644	 mrr@10:0.1573
recall@20:0.4923	 mrr@20:0.1662
best_result----
recall@10:0.3651	 mrr@10:0.1576	 epoch:17,18
recall@20:0.4936	 mrr@20:0.1666	 epoch:16,18
--------------------------------------
epoch 20
lr: 1e-05
start training... 2022-04-25 18:10:38.114679
	 train_loss : 21404.217
this_epoch----
recall@10:0.3644	 mrr@10:0.1576
recall@20:0.4929	 mrr@20:0.1665
best_result----
recall@10:0.3651	 mrr@10:0.1576	 epoch:17,18
recall@20:0.4936	 mrr@20:0.1666	 epoch:16,18
--------------------------------------
epoch 21
lr: 1e-05
start training... 2022-04-25 18:16:36.087521
	 train_loss : 21385.021
this_epoch----
recall@10:0.3644	 mrr@10:0.1576
recall@20:0.4934	 mrr@20:0.1666
best_result----
recall@10:0.3651	 mrr@10:0.1576	 epoch:17,21
recall@20:0.4936	 mrr@20:0.1666	 epoch:16,18
--------------------------------------
epoch 22
lr: 1e-05
start training... 2022-04-25 18:22:26.506953
	 train_loss : 21374.082
this_epoch----
recall@10:0.3646	 mrr@10:0.1578
recall@20:0.4934	 mrr@20:0.1667
best_result----
recall@10:0.3651	 mrr@10:0.1578	 epoch:17,22
recall@20:0.4936	 mrr@20:0.1667	 epoch:16,22
--------------------------------------
epoch 23
lr: 1e-05
start training... 2022-04-25 18:27:52.338390
	 train_loss : 21366.561
this_epoch----
recall@10:0.3642	 mrr@10:0.1579
recall@20:0.4935	 mrr@20:0.1669
best_result----
recall@10:0.3651	 mrr@10:0.1579	 epoch:17,23
recall@20:0.4936	 mrr@20:0.1669	 epoch:16,23
--------------------------------------
epoch 24
lr: 1e-05
start training... 2022-04-25 18:34:06.385938
	 train_loss : 21361.068
this_epoch----
recall@10:0.3642	 mrr@10:0.1578
recall@20:0.4934	 mrr@20:0.1668
best_result----
recall@10:0.3651	 mrr@10:0.1579	 epoch:17,23
recall@20:0.4936	 mrr@20:0.1669	 epoch:16,23
--------------------------------------
epoch 25
lr: 1e-05
start training... 2022-04-25 18:40:08.764768
	 train_loss : 21357.172
this_epoch----
recall@10:0.3642	 mrr@10:0.1580
recall@20:0.4937	 mrr@20:0.1670
best_result----
recall@10:0.3651	 mrr@10:0.1580	 epoch:17,25
recall@20:0.4937	 mrr@20:0.1670	 epoch:25,25
--------------------------------------
epoch 26
lr: 1e-05
start training... 2022-04-25 18:45:56.473493
	 train_loss : 21353.633
this_epoch----
recall@10:0.3645	 mrr@10:0.1581
recall@20:0.4938	 mrr@20:0.1670
best_result----
recall@10:0.3651	 mrr@10:0.1581	 epoch:17,26
recall@20:0.4938	 mrr@20:0.1670	 epoch:26,26
--------------------------------------
epoch 27
lr: 1e-05
start training... 2022-04-25 18:52:05.274466
	 train_loss : 21350.732
this_epoch----
recall@10:0.3644	 mrr@10:0.1581
recall@20:0.4936	 mrr@20:0.1671
best_result----
recall@10:0.3651	 mrr@10:0.1581	 epoch:17,27
recall@20:0.4938	 mrr@20:0.1671	 epoch:26,27
--------------------------------------
epoch 28
lr: 1e-05
start training... 2022-04-25 18:58:08.053564
	 train_loss : 21347.936
this_epoch----
recall@10:0.3641	 mrr@10:0.1580
recall@20:0.4934	 mrr@20:0.1670
best_result----
recall@10:0.3651	 mrr@10:0.1581	 epoch:17,27
recall@20:0.4938	 mrr@20:0.1671	 epoch:26,27
--------------------------------------
epoch 29
lr: 1e-05
start training... 2022-04-25 19:03:55.374998
	 train_loss : 21346.100
this_epoch----
recall@10:0.3644	 mrr@10:0.1580
recall@20:0.4937	 mrr@20:0.1670
best_result----
recall@10:0.3651	 mrr@10:0.1581	 epoch:17,27
recall@20:0.4938	 mrr@20:0.1671	 epoch:26,27
Done
