nohup: ignoring input
Namespace(dataset='diginetica', emb_size=100, batch_size=100, l2=1e-05, lr=0.001, lr_dc=0.1, lr_dc_step=10, n_heads=3, n_intentions=3, temp=0.1, evaluate_k=[10, 20], epsilon=0.85, epoch=30, patience=10)
--------------------------------------
epoch 0
lr: 0.001
start training... 2022-04-28 10:57:43.678119
	 train_loss : 37421.258
this_epoch----
recall@10:0.3147	 mrr@10:0.1307
recall@20:0.4368	 mrr@20:0.1391
best_result----
recall@10:0.3147	 mrr@10:0.1307	 epoch:0,0
recall@20:0.4368	 mrr@20:0.1391	 epoch:0,0
--------------------------------------
epoch 1
lr: 0.001
start training... 2022-04-28 11:05:13.977671
	 train_loss : 28147.660
this_epoch----
recall@10:0.3248	 mrr@10:0.1350
recall@20:0.4530	 mrr@20:0.1439
best_result----
recall@10:0.3248	 mrr@10:0.1350	 epoch:1,1
recall@20:0.4530	 mrr@20:0.1439	 epoch:1,1
--------------------------------------
epoch 2
lr: 0.001
start training... 2022-04-28 11:12:18.007879
	 train_loss : 26904.527
this_epoch----
recall@10:0.3325	 mrr@10:0.1390
recall@20:0.4608	 mrr@20:0.1478
best_result----
recall@10:0.3325	 mrr@10:0.1390	 epoch:2,2
recall@20:0.4608	 mrr@20:0.1478	 epoch:2,2
--------------------------------------
epoch 3
lr: 0.001
start training... 2022-04-28 11:19:18.743915
	 train_loss : 26353.160
this_epoch----
recall@10:0.3352	 mrr@10:0.1402
recall@20:0.4624	 mrr@20:0.1490
best_result----
recall@10:0.3352	 mrr@10:0.1402	 epoch:3,3
recall@20:0.4624	 mrr@20:0.1490	 epoch:3,3
--------------------------------------
epoch 4
lr: 0.001
start training... 2022-04-28 11:26:19.934983
	 train_loss : 26042.973
this_epoch----
recall@10:0.3369	 mrr@10:0.1419
recall@20:0.4642	 mrr@20:0.1507
best_result----
recall@10:0.3369	 mrr@10:0.1419	 epoch:4,4
recall@20:0.4642	 mrr@20:0.1507	 epoch:4,4
--------------------------------------
epoch 5
lr: 0.001
start training... 2022-04-28 11:33:20.883483
	 train_loss : 25844.926
this_epoch----
recall@10:0.3360	 mrr@10:0.1420
recall@20:0.4650	 mrr@20:0.1509
best_result----
recall@10:0.3369	 mrr@10:0.1420	 epoch:4,5
recall@20:0.4650	 mrr@20:0.1509	 epoch:5,5
--------------------------------------
epoch 6
lr: 0.001
start training... 2022-04-28 11:40:21.447915
	 train_loss : 25705.600
this_epoch----
recall@10:0.3370	 mrr@10:0.1421
recall@20:0.4678	 mrr@20:0.1511
best_result----
recall@10:0.3370	 mrr@10:0.1421	 epoch:6,6
recall@20:0.4678	 mrr@20:0.1511	 epoch:6,6
--------------------------------------
epoch 7
lr: 0.001
start training... 2022-04-28 11:47:20.932447
	 train_loss : 25605.746
this_epoch----
recall@10:0.3379	 mrr@10:0.1413
recall@20:0.4672	 mrr@20:0.1503
best_result----
recall@10:0.3379	 mrr@10:0.1421	 epoch:7,6
recall@20:0.4678	 mrr@20:0.1511	 epoch:6,6
--------------------------------------
epoch 8
lr: 0.001
start training... 2022-04-28 11:54:21.855328
	 train_loss : 25537.178
this_epoch----
recall@10:0.3381	 mrr@10:0.1425
recall@20:0.4660	 mrr@20:0.1513
best_result----
recall@10:0.3381	 mrr@10:0.1425	 epoch:8,8
recall@20:0.4678	 mrr@20:0.1513	 epoch:6,8
--------------------------------------
epoch 9
lr: 0.001
start training... 2022-04-28 12:01:22.348297
	 train_loss : 25479.098
this_epoch----
recall@10:0.3383	 mrr@10:0.1439
recall@20:0.4678	 mrr@20:0.1529
best_result----
recall@10:0.3383	 mrr@10:0.1439	 epoch:9,9
recall@20:0.4678	 mrr@20:0.1529	 epoch:6,9
--------------------------------------
epoch 10
lr: 0.0001
start training... 2022-04-28 12:08:23.602820
	 train_loss : 22817.236
this_epoch----
recall@10:0.3619	 mrr@10:0.1556
recall@20:0.4907	 mrr@20:0.1645
best_result----
recall@10:0.3619	 mrr@10:0.1556	 epoch:10,10
recall@20:0.4907	 mrr@20:0.1645	 epoch:10,10
--------------------------------------
epoch 11
lr: 0.0001
start training... 2022-04-28 12:15:24.106981
	 train_loss : 22300.201
this_epoch----
recall@10:0.3622	 mrr@10:0.1563
recall@20:0.4917	 mrr@20:0.1653
best_result----
recall@10:0.3622	 mrr@10:0.1563	 epoch:11,11
recall@20:0.4917	 mrr@20:0.1653	 epoch:11,11
--------------------------------------
epoch 12
lr: 0.0001
start training... 2022-04-28 12:22:24.945501
	 train_loss : 22132.287
this_epoch----
recall@10:0.3631	 mrr@10:0.1566
recall@20:0.4924	 mrr@20:0.1656
best_result----
recall@10:0.3631	 mrr@10:0.1566	 epoch:12,12
recall@20:0.4924	 mrr@20:0.1656	 epoch:12,12
--------------------------------------
epoch 13
lr: 0.0001
start training... 2022-04-28 12:29:28.892884
	 train_loss : 22041.533
this_epoch----
recall@10:0.3634	 mrr@10:0.1570
recall@20:0.4938	 mrr@20:0.1660
best_result----
recall@10:0.3634	 mrr@10:0.1570	 epoch:13,13
recall@20:0.4938	 mrr@20:0.1660	 epoch:13,13
--------------------------------------
epoch 14
lr: 0.0001
start training... 2022-04-28 12:36:29.935933
	 train_loss : 21985.064
this_epoch----
recall@10:0.3638	 mrr@10:0.1568
recall@20:0.4923	 mrr@20:0.1657
best_result----
recall@10:0.3638	 mrr@10:0.1570	 epoch:14,13
recall@20:0.4938	 mrr@20:0.1660	 epoch:13,13
--------------------------------------
epoch 15
lr: 0.0001
start training... 2022-04-28 12:43:31.418271
	 train_loss : 21945.768
this_epoch----
recall@10:0.3643	 mrr@10:0.1568
recall@20:0.4935	 mrr@20:0.1658
best_result----
recall@10:0.3643	 mrr@10:0.1570	 epoch:15,13
recall@20:0.4938	 mrr@20:0.1660	 epoch:13,13
--------------------------------------
epoch 16
lr: 0.0001
start training... 2022-04-28 12:50:33.728406
	 train_loss : 21919.537
this_epoch----
recall@10:0.3636	 mrr@10:0.1574
recall@20:0.4936	 mrr@20:0.1664
best_result----
recall@10:0.3643	 mrr@10:0.1574	 epoch:15,16
recall@20:0.4938	 mrr@20:0.1664	 epoch:13,16
--------------------------------------
epoch 17
lr: 0.0001
start training... 2022-04-28 12:57:36.001442
	 train_loss : 21898.811
this_epoch----
recall@10:0.3633	 mrr@10:0.1569
recall@20:0.4934	 mrr@20:0.1659
best_result----
recall@10:0.3643	 mrr@10:0.1574	 epoch:15,16
recall@20:0.4938	 mrr@20:0.1664	 epoch:13,16
--------------------------------------
epoch 18
lr: 0.0001
start training... 2022-04-28 13:04:37.796669
	 train_loss : 21883.422
this_epoch----
recall@10:0.3637	 mrr@10:0.1572
recall@20:0.4937	 mrr@20:0.1662
best_result----
recall@10:0.3643	 mrr@10:0.1574	 epoch:15,16
recall@20:0.4938	 mrr@20:0.1664	 epoch:13,16
--------------------------------------
epoch 19
lr: 0.0001
start training... 2022-04-28 13:11:39.810774
	 train_loss : 21873.893
this_epoch----
recall@10:0.3626	 mrr@10:0.1571
recall@20:0.4934	 mrr@20:0.1661
best_result----
recall@10:0.3643	 mrr@10:0.1574	 epoch:15,16
recall@20:0.4938	 mrr@20:0.1664	 epoch:13,16
--------------------------------------
epoch 20
lr: 1e-05
start training... 2022-04-28 13:18:41.374479
	 train_loss : 21325.826
this_epoch----
recall@10:0.3637	 mrr@10:0.1576
recall@20:0.4933	 mrr@20:0.1666
best_result----
recall@10:0.3643	 mrr@10:0.1576	 epoch:15,20
recall@20:0.4938	 mrr@20:0.1666	 epoch:13,20
--------------------------------------
epoch 21
lr: 1e-05
start training... 2022-04-28 13:25:43.636965
	 train_loss : 21304.123
this_epoch----
recall@10:0.3634	 mrr@10:0.1578
recall@20:0.4938	 mrr@20:0.1668
best_result----
recall@10:0.3643	 mrr@10:0.1578	 epoch:15,21
recall@20:0.4938	 mrr@20:0.1668	 epoch:13,21
--------------------------------------
epoch 22
lr: 1e-05
start training... 2022-04-28 13:32:45.612669
	 train_loss : 21291.936
this_epoch----
recall@10:0.3632	 mrr@10:0.1578
recall@20:0.4938	 mrr@20:0.1669
best_result----
recall@10:0.3643	 mrr@10:0.1578	 epoch:15,22
recall@20:0.4938	 mrr@20:0.1669	 epoch:22,22
--------------------------------------
epoch 23
lr: 1e-05
start training... 2022-04-28 13:39:46.338033
	 train_loss : 21283.486
this_epoch----
recall@10:0.3632	 mrr@10:0.1580
recall@20:0.4941	 mrr@20:0.1671
best_result----
recall@10:0.3643	 mrr@10:0.1580	 epoch:15,23
recall@20:0.4941	 mrr@20:0.1671	 epoch:23,23
--------------------------------------
epoch 24
lr: 1e-05
start training... 2022-04-28 13:46:48.217301
	 train_loss : 21277.131
this_epoch----
recall@10:0.3634	 mrr@10:0.1579
recall@20:0.4944	 mrr@20:0.1670
best_result----
recall@10:0.3643	 mrr@10:0.1580	 epoch:15,23
recall@20:0.4944	 mrr@20:0.1671	 epoch:24,23
--------------------------------------
epoch 25
lr: 1e-05
start training... 2022-04-28 13:53:49.858275
	 train_loss : 21271.711
this_epoch----
recall@10:0.3637	 mrr@10:0.1580
recall@20:0.4944	 mrr@20:0.1671
best_result----
recall@10:0.3643	 mrr@10:0.1580	 epoch:15,25
recall@20:0.4944	 mrr@20:0.1671	 epoch:24,23
--------------------------------------
epoch 26
lr: 1e-05
start training... 2022-04-28 14:00:50.890890
	 train_loss : 21267.152
this_epoch----
recall@10:0.3636	 mrr@10:0.1580
recall@20:0.4943	 mrr@20:0.1671
best_result----
recall@10:0.3643	 mrr@10:0.1580	 epoch:15,26
recall@20:0.4944	 mrr@20:0.1671	 epoch:24,26
--------------------------------------
epoch 27
lr: 1e-05
start training... 2022-04-28 14:07:52.997951
	 train_loss : 21263.146
this_epoch----
recall@10:0.3634	 mrr@10:0.1580
recall@20:0.4943	 mrr@20:0.1671
best_result----
recall@10:0.3643	 mrr@10:0.1580	 epoch:15,26
recall@20:0.4944	 mrr@20:0.1671	 epoch:24,27
--------------------------------------
epoch 28
lr: 1e-05
start training... 2022-04-28 14:14:54.890009
	 train_loss : 21259.475
this_epoch----
recall@10:0.3633	 mrr@10:0.1579
recall@20:0.4939	 mrr@20:0.1670
best_result----
recall@10:0.3643	 mrr@10:0.1580	 epoch:15,26
recall@20:0.4944	 mrr@20:0.1671	 epoch:24,27
--------------------------------------
epoch 29
lr: 1e-05
start training... 2022-04-28 14:21:56.804040
	 train_loss : 21256.342
this_epoch----
recall@10:0.3634	 mrr@10:0.1579
recall@20:0.4939	 mrr@20:0.1670
best_result----
recall@10:0.3643	 mrr@10:0.1580	 epoch:15,26
recall@20:0.4944	 mrr@20:0.1671	 epoch:24,27
Done
