nohup: ignoring input
Namespace(dataset='diginetica', emb_size=100, batch_size=100, l2=1e-05, lr=0.001, lr_dc=0.1, lr_dc_step=10, n_heads=3, n_intentions=3, temp=0.1, evaluate_k=[10, 20], epsilon=0.85, epoch=30, patience=10)
--------------------------------------
epoch 0
lr: 0.001
start training... 2022-04-27 19:25:31.881492
	 train_loss : 36867.332
this_epoch----
recall@10:0.3130	 mrr@10:0.1296
recall@20:0.4378	 mrr@20:0.1383
best_result----
recall@10:0.3130	 mrr@10:0.1296	 epoch:0,0
recall@20:0.4378	 mrr@20:0.1383	 epoch:0,0
--------------------------------------
epoch 1
lr: 0.001
start training... 2022-04-27 19:34:41.244094
	 train_loss : 28054.182
this_epoch----
recall@10:0.3263	 mrr@10:0.1362
recall@20:0.4521	 mrr@20:0.1448
best_result----
recall@10:0.3263	 mrr@10:0.1362	 epoch:1,1
recall@20:0.4521	 mrr@20:0.1448	 epoch:1,1
--------------------------------------
epoch 2
lr: 0.001
start training... 2022-04-27 19:40:35.120697
	 train_loss : 26881.236
this_epoch----
recall@10:0.3350	 mrr@10:0.1399
recall@20:0.4655	 mrr@20:0.1488
best_result----
recall@10:0.3350	 mrr@10:0.1399	 epoch:2,2
recall@20:0.4655	 mrr@20:0.1488	 epoch:2,2
--------------------------------------
epoch 3
lr: 0.001
start training... 2022-04-27 19:46:38.188511
	 train_loss : 26345.279
this_epoch----
recall@10:0.3361	 mrr@10:0.1398
recall@20:0.4642	 mrr@20:0.1487
best_result----
recall@10:0.3361	 mrr@10:0.1399	 epoch:3,2
recall@20:0.4655	 mrr@20:0.1488	 epoch:2,2
--------------------------------------
epoch 4
lr: 0.001
start training... 2022-04-27 19:52:22.982854
	 train_loss : 26035.871
this_epoch----
recall@10:0.3357	 mrr@10:0.1412
recall@20:0.4645	 mrr@20:0.1501
best_result----
recall@10:0.3361	 mrr@10:0.1412	 epoch:3,4
recall@20:0.4655	 mrr@20:0.1501	 epoch:2,4
--------------------------------------
epoch 5
lr: 0.001
start training... 2022-04-27 19:58:02.571895
	 train_loss : 25827.312
this_epoch----
recall@10:0.3382	 mrr@10:0.1418
recall@20:0.4677	 mrr@20:0.1508
best_result----
recall@10:0.3382	 mrr@10:0.1418	 epoch:5,5
recall@20:0.4677	 mrr@20:0.1508	 epoch:5,5
--------------------------------------
epoch 6
lr: 0.001
start training... 2022-04-27 20:04:10.274353
	 train_loss : 25696.510
this_epoch----
recall@10:0.3348	 mrr@10:0.1404
recall@20:0.4670	 mrr@20:0.1495
best_result----
recall@10:0.3382	 mrr@10:0.1418	 epoch:5,5
recall@20:0.4677	 mrr@20:0.1508	 epoch:5,5
--------------------------------------
epoch 7
lr: 0.001
start training... 2022-04-27 20:10:00.802796
	 train_loss : 25597.531
this_epoch----
recall@10:0.3388	 mrr@10:0.1430
recall@20:0.4667	 mrr@20:0.1517
best_result----
recall@10:0.3388	 mrr@10:0.1430	 epoch:7,7
recall@20:0.4677	 mrr@20:0.1517	 epoch:5,7
--------------------------------------
epoch 8
lr: 0.001
start training... 2022-04-27 20:15:42.006384
	 train_loss : 25520.883
this_epoch----
recall@10:0.3377	 mrr@10:0.1420
recall@20:0.4677	 mrr@20:0.1509
best_result----
recall@10:0.3388	 mrr@10:0.1430	 epoch:7,7
recall@20:0.4677	 mrr@20:0.1517	 epoch:5,7
--------------------------------------
epoch 9
lr: 0.001
start training... 2022-04-27 20:21:34.482321
	 train_loss : 25469.045
this_epoch----
recall@10:0.3389	 mrr@10:0.1436
recall@20:0.4702	 mrr@20:0.1527
best_result----
recall@10:0.3389	 mrr@10:0.1436	 epoch:9,9
recall@20:0.4702	 mrr@20:0.1527	 epoch:9,9
--------------------------------------
epoch 10
lr: 0.0001
start training... 2022-04-27 20:27:18.233553
	 train_loss : 22796.426
this_epoch----
recall@10:0.3602	 mrr@10:0.1547
recall@20:0.4906	 mrr@20:0.1637
best_result----
recall@10:0.3602	 mrr@10:0.1547	 epoch:10,10
recall@20:0.4906	 mrr@20:0.1637	 epoch:10,10
--------------------------------------
epoch 11
lr: 0.0001
start training... 2022-04-27 20:33:14.057623
	 train_loss : 22280.846
this_epoch----
recall@10:0.3617	 mrr@10:0.1558
recall@20:0.4925	 mrr@20:0.1649
best_result----
recall@10:0.3617	 mrr@10:0.1558	 epoch:11,11
recall@20:0.4925	 mrr@20:0.1649	 epoch:11,11
--------------------------------------
epoch 12
lr: 0.0001
start training... 2022-04-27 20:39:04.380750
	 train_loss : 22120.777
this_epoch----
recall@10:0.3624	 mrr@10:0.1561
recall@20:0.4927	 mrr@20:0.1651
best_result----
recall@10:0.3624	 mrr@10:0.1561	 epoch:12,12
recall@20:0.4927	 mrr@20:0.1651	 epoch:12,12
--------------------------------------
epoch 13
lr: 0.0001
start training... 2022-04-27 20:44:48.770021
	 train_loss : 22034.816
this_epoch----
recall@10:0.3646	 mrr@10:0.1562
recall@20:0.4938	 mrr@20:0.1651
best_result----
recall@10:0.3646	 mrr@10:0.1562	 epoch:13,13
recall@20:0.4938	 mrr@20:0.1651	 epoch:13,12
--------------------------------------
epoch 14
lr: 0.0001
start training... 2022-04-27 20:50:35.292883
	 train_loss : 21984.877
this_epoch----
recall@10:0.3634	 mrr@10:0.1564
recall@20:0.4926	 mrr@20:0.1654
best_result----
recall@10:0.3646	 mrr@10:0.1564	 epoch:13,14
recall@20:0.4938	 mrr@20:0.1654	 epoch:13,14
--------------------------------------
epoch 15
lr: 0.0001
start training... 2022-04-27 20:56:27.707665
	 train_loss : 21952.666
this_epoch----
recall@10:0.3638	 mrr@10:0.1573
recall@20:0.4933	 mrr@20:0.1663
best_result----
recall@10:0.3646	 mrr@10:0.1573	 epoch:13,15
recall@20:0.4938	 mrr@20:0.1663	 epoch:13,15
--------------------------------------
epoch 16
lr: 0.0001
start training... 2022-04-27 21:02:20.132729
	 train_loss : 21931.775
this_epoch----
recall@10:0.3640	 mrr@10:0.1574
recall@20:0.4936	 mrr@20:0.1664
best_result----
recall@10:0.3646	 mrr@10:0.1574	 epoch:13,16
recall@20:0.4938	 mrr@20:0.1664	 epoch:13,16
--------------------------------------
epoch 17
lr: 0.0001
start training... 2022-04-27 21:08:06.071463
	 train_loss : 21917.008
this_epoch----
recall@10:0.3645	 mrr@10:0.1574
recall@20:0.4920	 mrr@20:0.1662
best_result----
recall@10:0.3646	 mrr@10:0.1574	 epoch:13,17
recall@20:0.4938	 mrr@20:0.1664	 epoch:13,16
--------------------------------------
epoch 18
lr: 0.0001
start training... 2022-04-27 21:13:44.208153
	 train_loss : 21908.076
this_epoch----
recall@10:0.3634	 mrr@10:0.1567
recall@20:0.4932	 mrr@20:0.1657
best_result----
recall@10:0.3646	 mrr@10:0.1574	 epoch:13,17
recall@20:0.4938	 mrr@20:0.1664	 epoch:13,16
--------------------------------------
epoch 19
lr: 0.0001
start training... 2022-04-27 21:19:37.705673
	 train_loss : 21901.643
this_epoch----
recall@10:0.3635	 mrr@10:0.1572
recall@20:0.4940	 mrr@20:0.1663
best_result----
recall@10:0.3646	 mrr@10:0.1574	 epoch:13,17
recall@20:0.4940	 mrr@20:0.1664	 epoch:19,16
--------------------------------------
epoch 20
lr: 1e-05
start training... 2022-04-27 21:25:50.592246
	 train_loss : 21360.482
this_epoch----
recall@10:0.3640	 mrr@10:0.1574
recall@20:0.4937	 mrr@20:0.1663
best_result----
recall@10:0.3646	 mrr@10:0.1574	 epoch:13,17
recall@20:0.4940	 mrr@20:0.1664	 epoch:19,16
--------------------------------------
epoch 21
lr: 1e-05
start training... 2022-04-27 21:31:37.120416
	 train_loss : 21341.904
this_epoch----
recall@10:0.3644	 mrr@10:0.1576
recall@20:0.4936	 mrr@20:0.1666
best_result----
recall@10:0.3646	 mrr@10:0.1576	 epoch:13,21
recall@20:0.4940	 mrr@20:0.1666	 epoch:19,21
--------------------------------------
epoch 22
lr: 1e-05
start training... 2022-04-27 21:37:36.504780
	 train_loss : 21331.117
this_epoch----
recall@10:0.3645	 mrr@10:0.1577
recall@20:0.4935	 mrr@20:0.1666
best_result----
recall@10:0.3646	 mrr@10:0.1577	 epoch:13,22
recall@20:0.4940	 mrr@20:0.1666	 epoch:19,22
--------------------------------------
epoch 23
lr: 1e-05
start training... 2022-04-27 21:43:01.588149
	 train_loss : 21324.707
this_epoch----
recall@10:0.3644	 mrr@10:0.1577
recall@20:0.4934	 mrr@20:0.1667
best_result----
recall@10:0.3646	 mrr@10:0.1577	 epoch:13,23
recall@20:0.4940	 mrr@20:0.1667	 epoch:19,23
--------------------------------------
epoch 24
lr: 1e-05
start training... 2022-04-27 21:49:22.190369
	 train_loss : 21319.619
this_epoch----
recall@10:0.3645	 mrr@10:0.1580
recall@20:0.4936	 mrr@20:0.1669
best_result----
recall@10:0.3646	 mrr@10:0.1580	 epoch:13,24
recall@20:0.4940	 mrr@20:0.1669	 epoch:19,24
--------------------------------------
epoch 25
lr: 1e-05
start training... 2022-04-27 21:55:09.553377
	 train_loss : 21315.746
this_epoch----
recall@10:0.3645	 mrr@10:0.1580
recall@20:0.4936	 mrr@20:0.1669
best_result----
recall@10:0.3646	 mrr@10:0.1580	 epoch:13,25
recall@20:0.4940	 mrr@20:0.1669	 epoch:19,25
--------------------------------------
epoch 26
lr: 1e-05
start training... 2022-04-27 22:00:55.972537
	 train_loss : 21312.254
this_epoch----
recall@10:0.3644	 mrr@10:0.1580
recall@20:0.4934	 mrr@20:0.1669
best_result----
recall@10:0.3646	 mrr@10:0.1580	 epoch:13,26
recall@20:0.4940	 mrr@20:0.1669	 epoch:19,26
--------------------------------------
epoch 27
lr: 1e-05
start training... 2022-04-27 22:06:57.835829
	 train_loss : 21309.295
this_epoch----
recall@10:0.3641	 mrr@10:0.1579
recall@20:0.4935	 mrr@20:0.1669
best_result----
recall@10:0.3646	 mrr@10:0.1580	 epoch:13,26
recall@20:0.4940	 mrr@20:0.1669	 epoch:19,26
--------------------------------------
epoch 28
lr: 1e-05
start training... 2022-04-27 22:12:46.909884
	 train_loss : 21307.117
this_epoch----
recall@10:0.3643	 mrr@10:0.1580
recall@20:0.4935	 mrr@20:0.1669
best_result----
recall@10:0.3646	 mrr@10:0.1580	 epoch:13,26
recall@20:0.4940	 mrr@20:0.1669	 epoch:19,26
--------------------------------------
epoch 29
lr: 1e-05
start training... 2022-04-27 22:18:40.224209
	 train_loss : 21304.707
this_epoch----
recall@10:0.3641	 mrr@10:0.1579
recall@20:0.4933	 mrr@20:0.1669
best_result----
recall@10:0.3646	 mrr@10:0.1580	 epoch:13,26
recall@20:0.4940	 mrr@20:0.1669	 epoch:19,26
Done
