nohup: ignoring input
Namespace(dataset='diginetica', emb_size=100, batch_size=100, l2=1e-05, lr=0.001, lr_dc=0.1, lr_dc_step=10, n_heads=3, n_intentions=3, temp=0.1, evaluate_k=[10, 20], epsilon=0.85, epoch=30, patience=10)
--------------------------------------
epoch 0
lr: 0.001
start training... 2022-04-27 13:41:37.986189
	 train_loss : 37767.531
this_epoch----
recall@10:0.3125	 mrr@10:0.1304
recall@20:0.4358	 mrr@20:0.1389
best_result----
recall@10:0.3125	 mrr@10:0.1304	 epoch:0,0
recall@20:0.4358	 mrr@20:0.1389	 epoch:0,0
--------------------------------------
epoch 1
lr: 0.001
start training... 2022-04-27 13:47:37.099572
	 train_loss : 28193.797
this_epoch----
recall@10:0.3282	 mrr@10:0.1369
recall@20:0.4548	 mrr@20:0.1456
best_result----
recall@10:0.3282	 mrr@10:0.1369	 epoch:1,1
recall@20:0.4548	 mrr@20:0.1456	 epoch:1,1
--------------------------------------
epoch 2
lr: 0.001
start training... 2022-04-27 13:53:54.605951
	 train_loss : 26892.576
this_epoch----
recall@10:0.3325	 mrr@10:0.1374
recall@20:0.4604	 mrr@20:0.1463
best_result----
recall@10:0.3325	 mrr@10:0.1374	 epoch:2,2
recall@20:0.4604	 mrr@20:0.1463	 epoch:2,2
--------------------------------------
epoch 3
lr: 0.001
start training... 2022-04-27 13:59:36.446290
	 train_loss : 26333.807
this_epoch----
recall@10:0.3330	 mrr@10:0.1397
recall@20:0.4631	 mrr@20:0.1486
best_result----
recall@10:0.3330	 mrr@10:0.1397	 epoch:3,3
recall@20:0.4631	 mrr@20:0.1486	 epoch:3,3
--------------------------------------
epoch 4
lr: 0.001
start training... 2022-04-27 14:05:54.457136
	 train_loss : 26024.080
this_epoch----
recall@10:0.3398	 mrr@10:0.1429
recall@20:0.4678	 mrr@20:0.1518
best_result----
recall@10:0.3398	 mrr@10:0.1429	 epoch:4,4
recall@20:0.4678	 mrr@20:0.1518	 epoch:4,4
--------------------------------------
epoch 5
lr: 0.001
start training... 2022-04-27 14:11:59.274853
	 train_loss : 25827.547
this_epoch----
recall@10:0.3389	 mrr@10:0.1420
recall@20:0.4687	 mrr@20:0.1509
best_result----
recall@10:0.3398	 mrr@10:0.1429	 epoch:4,4
recall@20:0.4687	 mrr@20:0.1518	 epoch:5,4
--------------------------------------
epoch 6
lr: 0.001
start training... 2022-04-27 14:17:45.039943
	 train_loss : 25689.855
this_epoch----
recall@10:0.3382	 mrr@10:0.1437
recall@20:0.4691	 mrr@20:0.1527
best_result----
recall@10:0.3398	 mrr@10:0.1437	 epoch:4,6
recall@20:0.4691	 mrr@20:0.1527	 epoch:6,6
--------------------------------------
epoch 7
lr: 0.001
start training... 2022-04-27 14:23:54.221480
	 train_loss : 25591.139
this_epoch----
recall@10:0.3374	 mrr@10:0.1421
recall@20:0.4688	 mrr@20:0.1512
best_result----
recall@10:0.3398	 mrr@10:0.1437	 epoch:4,6
recall@20:0.4691	 mrr@20:0.1527	 epoch:6,6
--------------------------------------
epoch 8
lr: 0.001
start training... 2022-04-27 14:29:43.650382
	 train_loss : 25514.729
this_epoch----
recall@10:0.3389	 mrr@10:0.1426
recall@20:0.4673	 mrr@20:0.1514
best_result----
recall@10:0.3398	 mrr@10:0.1437	 epoch:4,6
recall@20:0.4691	 mrr@20:0.1527	 epoch:6,6
--------------------------------------
epoch 9
lr: 0.001
start training... 2022-04-27 14:35:27.206542
	 train_loss : 25456.328
this_epoch----
recall@10:0.3423	 mrr@10:0.1444
recall@20:0.4711	 mrr@20:0.1532
best_result----
recall@10:0.3423	 mrr@10:0.1444	 epoch:9,9
recall@20:0.4711	 mrr@20:0.1532	 epoch:9,9
--------------------------------------
epoch 10
lr: 0.0001
start training... 2022-04-27 14:41:08.280908
	 train_loss : 22835.172
this_epoch----
recall@10:0.3630	 mrr@10:0.1554
recall@20:0.4898	 mrr@20:0.1641
best_result----
recall@10:0.3630	 mrr@10:0.1554	 epoch:10,10
recall@20:0.4898	 mrr@20:0.1641	 epoch:10,10
--------------------------------------
epoch 11
lr: 0.0001
start training... 2022-04-27 14:47:02.073676
	 train_loss : 22323.070
this_epoch----
recall@10:0.3637	 mrr@10:0.1563
recall@20:0.4918	 mrr@20:0.1652
best_result----
recall@10:0.3637	 mrr@10:0.1563	 epoch:11,11
recall@20:0.4918	 mrr@20:0.1652	 epoch:11,11
--------------------------------------
epoch 12
lr: 0.0001
start training... 2022-04-27 14:52:45.873198
	 train_loss : 22163.080
this_epoch----
recall@10:0.3646	 mrr@10:0.1568
recall@20:0.4935	 mrr@20:0.1657
best_result----
recall@10:0.3646	 mrr@10:0.1568	 epoch:12,12
recall@20:0.4935	 mrr@20:0.1657	 epoch:12,12
--------------------------------------
epoch 13
lr: 0.0001
start training... 2022-04-27 14:58:40.476465
	 train_loss : 22079.480
this_epoch----
recall@10:0.3645	 mrr@10:0.1568
recall@20:0.4935	 mrr@20:0.1657
best_result----
recall@10:0.3646	 mrr@10:0.1568	 epoch:12,13
recall@20:0.4935	 mrr@20:0.1657	 epoch:12,13
--------------------------------------
epoch 14
lr: 0.0001
start training... 2022-04-27 15:04:39.202113
	 train_loss : 22027.986
this_epoch----
recall@10:0.3646	 mrr@10:0.1570
recall@20:0.4935	 mrr@20:0.1659
best_result----
recall@10:0.3646	 mrr@10:0.1570	 epoch:12,14
recall@20:0.4935	 mrr@20:0.1659	 epoch:12,14
--------------------------------------
epoch 15
lr: 0.0001
start training... 2022-04-27 15:10:42.859493
	 train_loss : 21994.900
this_epoch----
recall@10:0.3644	 mrr@10:0.1569
recall@20:0.4936	 mrr@20:0.1659
best_result----
recall@10:0.3646	 mrr@10:0.1570	 epoch:12,14
recall@20:0.4936	 mrr@20:0.1659	 epoch:15,15
--------------------------------------
epoch 16
lr: 0.0001
start training... 2022-04-27 15:16:36.678220
	 train_loss : 21973.512
this_epoch----
recall@10:0.3648	 mrr@10:0.1568
recall@20:0.4940	 mrr@20:0.1657
best_result----
recall@10:0.3648	 mrr@10:0.1570	 epoch:16,14
recall@20:0.4940	 mrr@20:0.1659	 epoch:16,15
--------------------------------------
epoch 17
lr: 0.0001
start training... 2022-04-27 15:22:35.597892
	 train_loss : 21958.572
this_epoch----
recall@10:0.3640	 mrr@10:0.1572
recall@20:0.4931	 mrr@20:0.1661
best_result----
recall@10:0.3648	 mrr@10:0.1572	 epoch:16,17
recall@20:0.4940	 mrr@20:0.1661	 epoch:16,17
--------------------------------------
epoch 18
lr: 0.0001
start training... 2022-04-27 15:28:38.635833
	 train_loss : 21948.244
this_epoch----
recall@10:0.3630	 mrr@10:0.1571
recall@20:0.4926	 mrr@20:0.1662
best_result----
recall@10:0.3648	 mrr@10:0.1572	 epoch:16,17
recall@20:0.4940	 mrr@20:0.1662	 epoch:16,18
--------------------------------------
epoch 19
lr: 0.0001
start training... 2022-04-27 15:34:28.502038
	 train_loss : 21941.949
this_epoch----
recall@10:0.3641	 mrr@10:0.1578
recall@20:0.4940	 mrr@20:0.1667
best_result----
recall@10:0.3648	 mrr@10:0.1578	 epoch:16,19
recall@20:0.4940	 mrr@20:0.1667	 epoch:19,19
--------------------------------------
epoch 20
lr: 1e-05
start training... 2022-04-27 15:40:14.300816
	 train_loss : 21410.033
this_epoch----
recall@10:0.3645	 mrr@10:0.1581
recall@20:0.4945	 mrr@20:0.1671
best_result----
recall@10:0.3648	 mrr@10:0.1581	 epoch:16,20
recall@20:0.4945	 mrr@20:0.1671	 epoch:20,20
--------------------------------------
epoch 21
lr: 1e-05
start training... 2022-04-27 15:46:08.034360
	 train_loss : 21390.314
this_epoch----
recall@10:0.3646	 mrr@10:0.1581
recall@20:0.4937	 mrr@20:0.1671
best_result----
recall@10:0.3648	 mrr@10:0.1581	 epoch:16,21
recall@20:0.4945	 mrr@20:0.1671	 epoch:20,21
--------------------------------------
epoch 22
lr: 1e-05
start training... 2022-04-27 15:51:51.164382
	 train_loss : 21379.273
this_epoch----
recall@10:0.3651	 mrr@10:0.1583
recall@20:0.4941	 mrr@20:0.1673
best_result----
recall@10:0.3651	 mrr@10:0.1583	 epoch:22,22
recall@20:0.4945	 mrr@20:0.1673	 epoch:20,22
--------------------------------------
epoch 23
lr: 1e-05
start training... 2022-04-27 15:58:07.489623
	 train_loss : 21371.752
this_epoch----
recall@10:0.3650	 mrr@10:0.1582
recall@20:0.4938	 mrr@20:0.1672
best_result----
recall@10:0.3651	 mrr@10:0.1583	 epoch:22,22
recall@20:0.4945	 mrr@20:0.1673	 epoch:20,22
--------------------------------------
epoch 24
lr: 1e-05
start training... 2022-04-27 16:03:23.594818
	 train_loss : 21366.182
this_epoch----
recall@10:0.3648	 mrr@10:0.1583
recall@20:0.4936	 mrr@20:0.1672
best_result----
recall@10:0.3651	 mrr@10:0.1583	 epoch:22,22
recall@20:0.4945	 mrr@20:0.1673	 epoch:20,22
--------------------------------------
epoch 25
lr: 1e-05
start training... 2022-04-27 16:09:39.729090
	 train_loss : 21362.092
this_epoch----
recall@10:0.3650	 mrr@10:0.1582
recall@20:0.4937	 mrr@20:0.1672
best_result----
recall@10:0.3651	 mrr@10:0.1583	 epoch:22,22
recall@20:0.4945	 mrr@20:0.1673	 epoch:20,22
--------------------------------------
epoch 26
lr: 1e-05
start training... 2022-04-27 16:15:34.968957
	 train_loss : 21358.619
this_epoch----
recall@10:0.3646	 mrr@10:0.1581
recall@20:0.4937	 mrr@20:0.1671
best_result----
recall@10:0.3651	 mrr@10:0.1583	 epoch:22,22
recall@20:0.4945	 mrr@20:0.1673	 epoch:20,22
--------------------------------------
epoch 27
lr: 1e-05
start training... 2022-04-27 16:21:26.645116
	 train_loss : 21355.678
this_epoch----
recall@10:0.3648	 mrr@10:0.1581
recall@20:0.4936	 mrr@20:0.1670
best_result----
recall@10:0.3651	 mrr@10:0.1583	 epoch:22,22
recall@20:0.4945	 mrr@20:0.1673	 epoch:20,22
--------------------------------------
epoch 28
lr: 1e-05
start training... 2022-04-27 16:27:11.894465
	 train_loss : 21352.600
this_epoch----
recall@10:0.3647	 mrr@10:0.1581
recall@20:0.4936	 mrr@20:0.1670
best_result----
recall@10:0.3651	 mrr@10:0.1583	 epoch:22,22
recall@20:0.4945	 mrr@20:0.1673	 epoch:20,22
--------------------------------------
epoch 29
lr: 1e-05
start training... 2022-04-27 16:33:15.576525
	 train_loss : 21350.168
this_epoch----
recall@10:0.3647	 mrr@10:0.1581
recall@20:0.4938	 mrr@20:0.1671
best_result----
recall@10:0.3651	 mrr@10:0.1583	 epoch:22,22
recall@20:0.4945	 mrr@20:0.1673	 epoch:20,22
Done
