nohup: ignoring input
Namespace(dataset='diginetica', emb_size=100, batch_size=100, l2=1e-05, lr=0.001, lr_dc=0.1, lr_dc_step=10, n_heads=3, n_intentions=3, temp=0.1, evaluate_k=[10, 20], epsilon=0.85, epoch=30, patience=10)
--------------------------------------
epoch 0
lr: 0.001
start training... 2022-04-25 14:01:19.887384
	 train_loss : 37763.543
this_epoch----
recall@10:0.3119	 mrr@10:0.1311
recall@20:0.4365	 mrr@20:0.1397
best_result----
recall@10:0.3119	 mrr@10:0.1311	 epoch:0,0
recall@20:0.4365	 mrr@20:0.1397	 epoch:0,0
--------------------------------------
epoch 1
lr: 0.001
start training... 2022-04-25 14:05:53.826615
	 train_loss : 28143.406
this_epoch----
recall@10:0.3235	 mrr@10:0.1357
recall@20:0.4505	 mrr@20:0.1445
best_result----
recall@10:0.3235	 mrr@10:0.1357	 epoch:1,1
recall@20:0.4505	 mrr@20:0.1445	 epoch:1,1
--------------------------------------
epoch 2
lr: 0.001
start training... 2022-04-25 14:10:20.581752
	 train_loss : 26849.643
this_epoch----
recall@10:0.3295	 mrr@10:0.1366
recall@20:0.4593	 mrr@20:0.1455
best_result----
recall@10:0.3295	 mrr@10:0.1366	 epoch:2,2
recall@20:0.4593	 mrr@20:0.1455	 epoch:2,2
--------------------------------------
epoch 3
lr: 0.001
start training... 2022-04-25 14:15:03.397989
	 train_loss : 26258.693
this_epoch----
recall@10:0.3337	 mrr@10:0.1418
recall@20:0.4637	 mrr@20:0.1507
best_result----
recall@10:0.3337	 mrr@10:0.1418	 epoch:3,3
recall@20:0.4637	 mrr@20:0.1507	 epoch:3,3
--------------------------------------
epoch 4
lr: 0.001
start training... 2022-04-25 14:19:34.695250
	 train_loss : 25909.994
this_epoch----
recall@10:0.3331	 mrr@10:0.1410
recall@20:0.4609	 mrr@20:0.1498
best_result----
recall@10:0.3337	 mrr@10:0.1418	 epoch:3,3
recall@20:0.4637	 mrr@20:0.1507	 epoch:3,3
--------------------------------------
epoch 5
lr: 0.001
start training... 2022-04-25 14:24:04.808414
	 train_loss : 25683.389
this_epoch----
recall@10:0.3326	 mrr@10:0.1407
recall@20:0.4614	 mrr@20:0.1496
best_result----
recall@10:0.3337	 mrr@10:0.1418	 epoch:3,3
recall@20:0.4637	 mrr@20:0.1507	 epoch:3,3
--------------------------------------
epoch 6
lr: 0.001
start training... 2022-04-25 14:28:45.240751
	 train_loss : 25519.145
this_epoch----
recall@10:0.3354	 mrr@10:0.1418
recall@20:0.4648	 mrr@20:0.1506
best_result----
recall@10:0.3354	 mrr@10:0.1418	 epoch:6,3
recall@20:0.4648	 mrr@20:0.1507	 epoch:6,3
--------------------------------------
epoch 7
lr: 0.001
start training... 2022-04-25 14:33:16.348302
	 train_loss : 25394.871
this_epoch----
recall@10:0.3367	 mrr@10:0.1427
recall@20:0.4682	 mrr@20:0.1517
best_result----
recall@10:0.3367	 mrr@10:0.1427	 epoch:7,7
recall@20:0.4682	 mrr@20:0.1517	 epoch:7,7
--------------------------------------
epoch 8
lr: 0.001
start training... 2022-04-25 14:37:48.200902
	 train_loss : 25305.258
this_epoch----
recall@10:0.3385	 mrr@10:0.1426
recall@20:0.4667	 mrr@20:0.1515
best_result----
recall@10:0.3385	 mrr@10:0.1427	 epoch:8,7
recall@20:0.4682	 mrr@20:0.1517	 epoch:7,7
--------------------------------------
epoch 9
lr: 0.001
start training... 2022-04-25 14:42:13.024660
	 train_loss : 25230.537
this_epoch----
recall@10:0.3385	 mrr@10:0.1427
recall@20:0.4670	 mrr@20:0.1516
best_result----
recall@10:0.3385	 mrr@10:0.1427	 epoch:8,9
recall@20:0.4682	 mrr@20:0.1517	 epoch:7,7
--------------------------------------
epoch 10
lr: 0.0001
start training... 2022-04-25 14:46:58.268039
	 train_loss : 22596.459
this_epoch----
recall@10:0.3562	 mrr@10:0.1526
recall@20:0.4833	 mrr@20:0.1614
best_result----
recall@10:0.3562	 mrr@10:0.1526	 epoch:10,10
recall@20:0.4833	 mrr@20:0.1614	 epoch:10,10
--------------------------------------
epoch 11
lr: 0.0001
start training... 2022-04-25 14:51:29.533895
	 train_loss : 22043.664
this_epoch----
recall@10:0.3573	 mrr@10:0.1533
recall@20:0.4853	 mrr@20:0.1621
best_result----
recall@10:0.3573	 mrr@10:0.1533	 epoch:11,11
recall@20:0.4853	 mrr@20:0.1621	 epoch:11,11
--------------------------------------
epoch 12
lr: 0.0001
start training... 2022-04-25 14:56:08.770407
	 train_loss : 21855.064
this_epoch----
recall@10:0.3565	 mrr@10:0.1536
recall@20:0.4857	 mrr@20:0.1625
best_result----
recall@10:0.3573	 mrr@10:0.1536	 epoch:11,12
recall@20:0.4857	 mrr@20:0.1625	 epoch:12,12
--------------------------------------
epoch 13
lr: 0.0001
start training... 2022-04-25 15:00:41.446996
	 train_loss : 21747.348
this_epoch----
recall@10:0.3559	 mrr@10:0.1538
recall@20:0.4855	 mrr@20:0.1628
best_result----
recall@10:0.3573	 mrr@10:0.1538	 epoch:11,13
recall@20:0.4857	 mrr@20:0.1628	 epoch:12,13
--------------------------------------
epoch 14
lr: 0.0001
start training... 2022-04-25 15:05:25.883369
	 train_loss : 21678.770
this_epoch----
recall@10:0.3564	 mrr@10:0.1537
recall@20:0.4856	 mrr@20:0.1626
best_result----
recall@10:0.3573	 mrr@10:0.1538	 epoch:11,13
recall@20:0.4857	 mrr@20:0.1628	 epoch:12,13
--------------------------------------
epoch 15
lr: 0.0001
start training... 2022-04-25 15:10:01.665289
	 train_loss : 21628.061
this_epoch----
recall@10:0.3550	 mrr@10:0.1532
recall@20:0.4851	 mrr@20:0.1622
best_result----
recall@10:0.3573	 mrr@10:0.1538	 epoch:11,13
recall@20:0.4857	 mrr@20:0.1628	 epoch:12,13
--------------------------------------
epoch 16
lr: 0.0001
start training... 2022-04-25 15:14:31.405660
	 train_loss : 21591.236
this_epoch----
recall@10:0.3544	 mrr@10:0.1530
recall@20:0.4850	 mrr@20:0.1620
best_result----
recall@10:0.3573	 mrr@10:0.1538	 epoch:11,13
recall@20:0.4857	 mrr@20:0.1628	 epoch:12,13
--------------------------------------
epoch 17
lr: 0.0001
start training... 2022-04-25 15:19:12.358496
	 train_loss : 21561.764
this_epoch----
recall@10:0.3546	 mrr@10:0.1529
recall@20:0.4844	 mrr@20:0.1619
best_result----
recall@10:0.3573	 mrr@10:0.1538	 epoch:11,13
recall@20:0.4857	 mrr@20:0.1628	 epoch:12,13
--------------------------------------
epoch 18
lr: 0.0001
start training... 2022-04-25 15:23:51.252006
	 train_loss : 21538.314
this_epoch----
recall@10:0.3545	 mrr@10:0.1528
recall@20:0.4832	 mrr@20:0.1617
best_result----
recall@10:0.3573	 mrr@10:0.1538	 epoch:11,13
recall@20:0.4857	 mrr@20:0.1628	 epoch:12,13
--------------------------------------
epoch 19
lr: 0.0001
start training... 2022-04-25 15:28:26.863871
	 train_loss : 21517.014
this_epoch----
recall@10:0.3522	 mrr@10:0.1525
recall@20:0.4827	 mrr@20:0.1615
best_result----
recall@10:0.3573	 mrr@10:0.1538	 epoch:11,13
recall@20:0.4857	 mrr@20:0.1628	 epoch:12,13
--------------------------------------
epoch 20
lr: 1e-05
start training... 2022-04-25 15:33:04.718770
	 train_loss : 20969.270
this_epoch----
recall@10:0.3529	 mrr@10:0.1529
recall@20:0.4827	 mrr@20:0.1619
best_result----
recall@10:0.3573	 mrr@10:0.1538	 epoch:11,13
recall@20:0.4857	 mrr@20:0.1628	 epoch:12,13
--------------------------------------
epoch 21
lr: 1e-05
start training... 2022-04-25 15:37:28.786342
	 train_loss : 20948.572
this_epoch----
recall@10:0.3534	 mrr@10:0.1527
recall@20:0.4828	 mrr@20:0.1617
best_result----
recall@10:0.3573	 mrr@10:0.1538	 epoch:11,13
recall@20:0.4857	 mrr@20:0.1628	 epoch:12,13
--------------------------------------
epoch 22
lr: 1e-05
start training... 2022-04-25 15:42:08.709414
	 train_loss : 20934.928
this_epoch----
recall@10:0.3536	 mrr@10:0.1529
recall@20:0.4829	 mrr@20:0.1619
best_result----
recall@10:0.3573	 mrr@10:0.1538	 epoch:11,13
recall@20:0.4857	 mrr@20:0.1628	 epoch:12,13
--------------------------------------
epoch 23
lr: 1e-05
start training... 2022-04-25 15:46:47.098228
	 train_loss : 20925.797
this_epoch----
recall@10:0.3539	 mrr@10:0.1530
recall@20:0.4833	 mrr@20:0.1619
best_result----
recall@10:0.3573	 mrr@10:0.1538	 epoch:11,13
recall@20:0.4857	 mrr@20:0.1628	 epoch:12,13
Done
