nohup: ignoring input
Namespace(dataset='tmall', emb_size=100, batch_size=100, l2=1e-05, lr=0.001, lr_dc=0.1, lr_dc_step=10, n_heads=3, n_intentions=3, temp=0.1, evaluate_k=[10, 20], epsilon=0.85, epoch=30, patience=10)
--------------------------------------
epoch 0
lr: 0.001
start training... 2022-05-28 17:48:09.574413
	 train_loss : 26011.746
this_epoch----
recall@10:0.3251	 mrr@10:0.2065	 ndcg@10:0.2349
recall@20:0.3652	 mrr@20:0.2093	 ndcg@20:0.2450
best_result----
recall@10:0.3251	 mrr@10:0.2065	 ndcg@10:0.2349	 epoch:0,0,0
recall@20:0.3652	 mrr@20:0.2093	 ndcg@20:0.2450	 epoch:0,0,0
--------------------------------------
epoch 1
lr: 0.001
start training... 2022-05-28 17:56:48.237173
	 train_loss : 18050.238
this_epoch----
recall@10:0.3461	 mrr@10:0.2164	 ndcg@10:0.2474
recall@20:0.3941	 mrr@20:0.2198	 ndcg@20:0.2596
best_result----
recall@10:0.3461	 mrr@10:0.2164	 ndcg@10:0.2474	 epoch:1,1,0
recall@20:0.3941	 mrr@20:0.2198	 ndcg@20:0.2596	 epoch:1,1,0
--------------------------------------
epoch 2
lr: 0.001
start training... 2022-05-28 18:05:45.545283
	 train_loss : 15636.888
this_epoch----
recall@10:0.3563	 mrr@10:0.2194	 ndcg@10:0.2521
recall@20:0.4076	 mrr@20:0.2230	 ndcg@20:0.2651
best_result----
recall@10:0.3563	 mrr@10:0.2194	 ndcg@10:0.2521	 epoch:2,2,0
recall@20:0.4076	 mrr@20:0.2230	 ndcg@20:0.2651	 epoch:2,2,0
--------------------------------------
epoch 3
lr: 0.001
start training... 2022-05-28 18:14:38.720436
	 train_loss : 14769.035
this_epoch----
recall@10:0.3587	 mrr@10:0.2209	 ndcg@10:0.2538
recall@20:0.4110	 mrr@20:0.2246	 ndcg@20:0.2671
best_result----
recall@10:0.3587	 mrr@10:0.2209	 ndcg@10:0.2538	 epoch:3,3,0
recall@20:0.4110	 mrr@20:0.2246	 ndcg@20:0.2671	 epoch:3,3,0
--------------------------------------
epoch 4
lr: 0.001
start training... 2022-05-28 18:23:22.486637
	 train_loss : 14308.215
this_epoch----
recall@10:0.3614	 mrr@10:0.2204	 ndcg@10:0.2540
recall@20:0.4145	 mrr@20:0.2240	 ndcg@20:0.2675
best_result----
recall@10:0.3614	 mrr@10:0.2209	 ndcg@10:0.2540	 epoch:4,4,0
recall@20:0.4145	 mrr@20:0.2246	 ndcg@20:0.2675	 epoch:4,4,0
--------------------------------------
epoch 5
lr: 0.001
start training... 2022-05-28 18:31:37.903076
	 train_loss : 13993.784
this_epoch----
recall@10:0.3633	 mrr@10:0.2227	 ndcg@10:0.2562
recall@20:0.4167	 mrr@20:0.2264	 ndcg@20:0.2698
best_result----
recall@10:0.3633	 mrr@10:0.2227	 ndcg@10:0.2562	 epoch:5,5,0
recall@20:0.4167	 mrr@20:0.2264	 ndcg@20:0.2698	 epoch:5,5,0
--------------------------------------
epoch 6
lr: 0.001
start training... 2022-05-28 18:40:25.779546
	 train_loss : 13776.248
this_epoch----
recall@10:0.3637	 mrr@10:0.2222	 ndcg@10:0.2560
recall@20:0.4160	 mrr@20:0.2259	 ndcg@20:0.2692
best_result----
recall@10:0.3637	 mrr@10:0.2227	 ndcg@10:0.2562	 epoch:6,5,0
recall@20:0.4167	 mrr@20:0.2264	 ndcg@20:0.2698	 epoch:5,5,0
--------------------------------------
epoch 7
lr: 0.001
start training... 2022-05-28 18:49:26.401165
	 train_loss : 13609.215
this_epoch----
recall@10:0.3626	 mrr@10:0.2223	 ndcg@10:0.2558
recall@20:0.4165	 mrr@20:0.2261	 ndcg@20:0.2695
best_result----
recall@10:0.3637	 mrr@10:0.2227	 ndcg@10:0.2562	 epoch:6,5,0
recall@20:0.4167	 mrr@20:0.2264	 ndcg@20:0.2698	 epoch:5,5,0
--------------------------------------
epoch 8
lr: 0.001
start training... 2022-05-28 18:58:35.555553
	 train_loss : 13481.313
this_epoch----
recall@10:0.3626	 mrr@10:0.2222	 ndcg@10:0.2557
recall@20:0.4166	 mrr@20:0.2260	 ndcg@20:0.2694
best_result----
recall@10:0.3637	 mrr@10:0.2227	 ndcg@10:0.2562	 epoch:6,5,0
recall@20:0.4167	 mrr@20:0.2264	 ndcg@20:0.2698	 epoch:5,5,0
--------------------------------------
epoch 9
lr: 0.001
start training... 2022-05-28 19:07:43.061478
	 train_loss : 13379.466
this_epoch----
recall@10:0.3642	 mrr@10:0.2240	 ndcg@10:0.2574
recall@20:0.4159	 mrr@20:0.2276	 ndcg@20:0.2705
best_result----
recall@10:0.3642	 mrr@10:0.2240	 ndcg@10:0.2574	 epoch:9,9,0
recall@20:0.4167	 mrr@20:0.2276	 ndcg@20:0.2705	 epoch:5,9,0
--------------------------------------
epoch 10
lr: 0.0001
start training... 2022-05-28 19:17:00.682575
	 train_loss : 11483.370
this_epoch----
recall@10:0.3686	 mrr@10:0.2292	 ndcg@10:0.2624
recall@20:0.4207	 mrr@20:0.2328	 ndcg@20:0.2756
best_result----
recall@10:0.3686	 mrr@10:0.2292	 ndcg@10:0.2624	 epoch:10,10,0
recall@20:0.4207	 mrr@20:0.2328	 ndcg@20:0.2756	 epoch:10,10,0
--------------------------------------
epoch 11
lr: 0.0001
start training... 2022-05-28 19:26:07.440935
	 train_loss : 11186.933
this_epoch----
recall@10:0.3693	 mrr@10:0.2301	 ndcg@10:0.2633
recall@20:0.4229	 mrr@20:0.2338	 ndcg@20:0.2769
best_result----
recall@10:0.3693	 mrr@10:0.2301	 ndcg@10:0.2633	 epoch:11,11,0
recall@20:0.4229	 mrr@20:0.2338	 ndcg@20:0.2769	 epoch:11,11,0
--------------------------------------
epoch 12
lr: 0.0001
start training... 2022-05-28 19:34:56.401447
	 train_loss : 11086.054
this_epoch----
recall@10:0.3695	 mrr@10:0.2304	 ndcg@10:0.2637
recall@20:0.4230	 mrr@20:0.2342	 ndcg@20:0.2772
best_result----
recall@10:0.3695	 mrr@10:0.2304	 ndcg@10:0.2637	 epoch:12,12,0
recall@20:0.4230	 mrr@20:0.2342	 ndcg@20:0.2772	 epoch:12,12,0
--------------------------------------
epoch 13
lr: 0.0001
start training... 2022-05-28 19:43:52.314261
	 train_loss : 11032.000
this_epoch----
recall@10:0.3701	 mrr@10:0.2307	 ndcg@10:0.2640
recall@20:0.4232	 mrr@20:0.2344	 ndcg@20:0.2774
best_result----
recall@10:0.3701	 mrr@10:0.2307	 ndcg@10:0.2640	 epoch:13,13,0
recall@20:0.4232	 mrr@20:0.2344	 ndcg@20:0.2774	 epoch:13,13,0
--------------------------------------
epoch 14
lr: 0.0001
start training... 2022-05-28 19:52:49.093026
	 train_loss : 10996.458
this_epoch----
recall@10:0.3703	 mrr@10:0.2307	 ndcg@10:0.2640
recall@20:0.4235	 mrr@20:0.2344	 ndcg@20:0.2775
best_result----
recall@10:0.3703	 mrr@10:0.2307	 ndcg@10:0.2640	 epoch:14,14,0
recall@20:0.4235	 mrr@20:0.2344	 ndcg@20:0.2775	 epoch:14,14,0
--------------------------------------
epoch 15
lr: 0.0001
start training... 2022-05-28 20:01:46.595495
	 train_loss : 10971.176
this_epoch----
recall@10:0.3703	 mrr@10:0.2305	 ndcg@10:0.2639
recall@20:0.4239	 mrr@20:0.2343	 ndcg@20:0.2775
best_result----
recall@10:0.3703	 mrr@10:0.2307	 ndcg@10:0.2640	 epoch:14,14,0
recall@20:0.4239	 mrr@20:0.2344	 ndcg@20:0.2775	 epoch:15,15,0
--------------------------------------
epoch 16
lr: 0.0001
start training... 2022-05-28 20:10:44.061639
	 train_loss : 10951.574
this_epoch----
recall@10:0.3705	 mrr@10:0.2307	 ndcg@10:0.2640
recall@20:0.4234	 mrr@20:0.2344	 ndcg@20:0.2775
best_result----
recall@10:0.3705	 mrr@10:0.2307	 ndcg@10:0.2640	 epoch:16,16,0
recall@20:0.4239	 mrr@20:0.2344	 ndcg@20:0.2775	 epoch:15,16,0
--------------------------------------
epoch 17
lr: 0.0001
start training... 2022-05-28 20:19:36.870192
	 train_loss : 10935.748
this_epoch----
recall@10:0.3705	 mrr@10:0.2307	 ndcg@10:0.2641
recall@20:0.4233	 mrr@20:0.2344	 ndcg@20:0.2775
best_result----
recall@10:0.3705	 mrr@10:0.2307	 ndcg@10:0.2641	 epoch:17,17,0
recall@20:0.4239	 mrr@20:0.2344	 ndcg@20:0.2775	 epoch:15,17,0
--------------------------------------
epoch 18
lr: 0.0001
start training... 2022-05-28 20:28:35.178066
	 train_loss : 10922.331
this_epoch----
recall@10:0.3706	 mrr@10:0.2308	 ndcg@10:0.2642
recall@20:0.4233	 mrr@20:0.2345	 ndcg@20:0.2775
best_result----
recall@10:0.3706	 mrr@10:0.2308	 ndcg@10:0.2642	 epoch:18,18,0
recall@20:0.4239	 mrr@20:0.2345	 ndcg@20:0.2775	 epoch:15,18,0
--------------------------------------
epoch 19
lr: 0.0001
start training... 2022-05-28 20:37:41.473364
	 train_loss : 10911.630
this_epoch----
recall@10:0.3706	 mrr@10:0.2308	 ndcg@10:0.2642
recall@20:0.4234	 mrr@20:0.2345	 ndcg@20:0.2776
best_result----
recall@10:0.3706	 mrr@10:0.2308	 ndcg@10:0.2642	 epoch:19,19,0
recall@20:0.4239	 mrr@20:0.2345	 ndcg@20:0.2776	 epoch:15,19,0
--------------------------------------
epoch 20
lr: 1e-05
start training... 2022-05-28 20:47:11.639046
	 train_loss : 10593.178
this_epoch----
recall@10:0.3707	 mrr@10:0.2308	 ndcg@10:0.2642
recall@20:0.4237	 mrr@20:0.2345	 ndcg@20:0.2776
best_result----
recall@10:0.3707	 mrr@10:0.2308	 ndcg@10:0.2642	 epoch:20,20,0
recall@20:0.4239	 mrr@20:0.2345	 ndcg@20:0.2776	 epoch:15,20,0
--------------------------------------
epoch 21
lr: 1e-05
start training... 2022-05-28 20:58:50.978762
	 train_loss : 10588.158
this_epoch----
recall@10:0.3707	 mrr@10:0.2307	 ndcg@10:0.2641
recall@20:0.4236	 mrr@20:0.2344	 ndcg@20:0.2775
best_result----
recall@10:0.3707	 mrr@10:0.2308	 ndcg@10:0.2642	 epoch:21,20,0
recall@20:0.4239	 mrr@20:0.2345	 ndcg@20:0.2776	 epoch:15,20,0
--------------------------------------
epoch 22
lr: 1e-05
start training... 2022-05-28 21:10:19.543888
	 train_loss : 10584.682
this_epoch----
recall@10:0.3708	 mrr@10:0.2307	 ndcg@10:0.2641
recall@20:0.4236	 mrr@20:0.2344	 ndcg@20:0.2775
best_result----
recall@10:0.3708	 mrr@10:0.2308	 ndcg@10:0.2642	 epoch:22,20,0
recall@20:0.4239	 mrr@20:0.2345	 ndcg@20:0.2776	 epoch:15,20,0
--------------------------------------
epoch 23
lr: 1e-05
start training... 2022-05-28 21:21:57.183846
	 train_loss : 10581.812
this_epoch----
recall@10:0.3708	 mrr@10:0.2307	 ndcg@10:0.2642
recall@20:0.4236	 mrr@20:0.2344	 ndcg@20:0.2775
best_result----
recall@10:0.3708	 mrr@10:0.2308	 ndcg@10:0.2642	 epoch:23,20,0
recall@20:0.4239	 mrr@20:0.2345	 ndcg@20:0.2776	 epoch:15,20,0
--------------------------------------
epoch 24
lr: 1e-05
start training... 2022-05-28 21:34:55.699544
	 train_loss : 10579.638
this_epoch----
recall@10:0.3709	 mrr@10:0.2307	 ndcg@10:0.2642
recall@20:0.4235	 mrr@20:0.2344	 ndcg@20:0.2775
best_result----
recall@10:0.3709	 mrr@10:0.2308	 ndcg@10:0.2642	 epoch:24,20,0
recall@20:0.4239	 mrr@20:0.2345	 ndcg@20:0.2776	 epoch:15,20,0
--------------------------------------
epoch 25
lr: 1e-05
start training... 2022-05-28 21:48:19.858356
	 train_loss : 10577.889
this_epoch----
recall@10:0.3707	 mrr@10:0.2307	 ndcg@10:0.2641
recall@20:0.4237	 mrr@20:0.2344	 ndcg@20:0.2776
best_result----
recall@10:0.3709	 mrr@10:0.2308	 ndcg@10:0.2642	 epoch:24,20,0
recall@20:0.4239	 mrr@20:0.2345	 ndcg@20:0.2776	 epoch:15,20,0
--------------------------------------
epoch 26
lr: 1e-05
start training... 2022-05-28 22:01:52.625354
	 train_loss : 10576.073
this_epoch----
recall@10:0.3708	 mrr@10:0.2307	 ndcg@10:0.2642
recall@20:0.4237	 mrr@20:0.2344	 ndcg@20:0.2776
best_result----
recall@10:0.3709	 mrr@10:0.2308	 ndcg@10:0.2642	 epoch:24,20,0
recall@20:0.4239	 mrr@20:0.2345	 ndcg@20:0.2776	 epoch:15,20,0
--------------------------------------
epoch 27
lr: 1e-05
start training... 2022-05-28 22:15:25.765320
	 train_loss : 10574.100
this_epoch----
recall@10:0.3710	 mrr@10:0.2307	 ndcg@10:0.2642
recall@20:0.4238	 mrr@20:0.2344	 ndcg@20:0.2776
best_result----
recall@10:0.3710	 mrr@10:0.2308	 ndcg@10:0.2642	 epoch:27,27,0
recall@20:0.4239	 mrr@20:0.2345	 ndcg@20:0.2776	 epoch:15,20,0
--------------------------------------
epoch 28
lr: 1e-05
start training... 2022-05-28 22:28:22.945089
	 train_loss : 10572.569
this_epoch----
recall@10:0.3710	 mrr@10:0.2307	 ndcg@10:0.2642
recall@20:0.4236	 mrr@20:0.2344	 ndcg@20:0.2775
best_result----
recall@10:0.3710	 mrr@10:0.2308	 ndcg@10:0.2642	 epoch:27,27,0
recall@20:0.4239	 mrr@20:0.2345	 ndcg@20:0.2776	 epoch:15,20,0
--------------------------------------
epoch 29
lr: 1e-05
start training... 2022-05-28 22:37:42.578840
	 train_loss : 10570.962
this_epoch----
recall@10:0.3710	 mrr@10:0.2307	 ndcg@10:0.2642
recall@20:0.4235	 mrr@20:0.2344	 ndcg@20:0.2775
best_result----
recall@10:0.3710	 mrr@10:0.2308	 ndcg@10:0.2642	 epoch:27,29,0
recall@20:0.4239	 mrr@20:0.2345	 ndcg@20:0.2776	 epoch:15,20,0
Done
